  ColCreationInformationType.cpp
  ColCreationType.cpp
  ColKeyword_anonymousType.cpp
  ColKeywordAnnotationType.cpp
  CollectionType_attributes.cpp
  CollectionType_content.cpp
  ColMpeg7.cpp
  ColTextAnnotationType.cpp
  ContentCollectionType.cpp
  ImageLocatorType.cpp
  InlineMediaType.cpp
  ReferenceType.cpp
  TitleMediaType.cpp
  Affiliation_anonymousType.cpp
  AgentType.cpp
  Base64Binary.cpp
  BimXMLUtil.cpp
  BitstreamReader.cpp
  BitstreamWriter.cpp
  ControlledTermUseType.cpp
  Compiling...
  CreationCoord_anonymusType.cpp
  CreatorType.cpp
  DescAnyUri.cpp
  DescAnyUri_typecast.cpp
  DescriptionMetadataType.cpp
  DescriptionProfileType.cpp
  DescString.cpp
  DescString_typecast.cpp
  ElectronicAddressType.cpp
  GeographicPointType.cpp
  GeographicPosition_anonymusType.cpp
  HexBinary.cpp
  InlineTermDefinitionType.cpp
  MediaAgentType_content.cpp
  MPEG7IntegerVector.cpp
  Mpeg7Type_content.cpp
  OrganizationType.cpp
  PersonNameType.cpp
  PersonType.cpp
  PlaceType.cpp
  Compiling...
  PostalAddress_anonymousType.cpp
  ProfileAndLevelIndication.cpp
  TermReferenceType.cpp
  TextualType.cpp
  TimePointType.cpp
  TimeType.cpp
  UTFUtil.cpp
  Frame_anonymousType.cpp
  ImageType.cpp
  ItemCreationCoord_anonymusType.cpp
  ItemCreationInformationType.cpp
  ItemCreationType.cpp
  ItemMpeg7.cpp
  ItemTimeType.cpp
  MediaFormatType.cpp
  MediaInformationType.cpp
  MediaInstanceType.cpp
  MediaLocatorType.cpp
  MediaProfileType.cpp
  NonNegativeInteger.cpp
  Compiling...
  NonNegativeInteger_typecast.cpp
  SegmentType_content.cpp
  StillRegionFeatureType.cpp
  StillRegionType.cpp
  UniqueIDType.cpp
  VisualCoding_anonymousType.cpp
  ColorLayoutType.cpp
  ColorStructureType.cpp
  CSValues_anonymousType.cpp
  DominantColorType.cpp
  DominantColorValueType.cpp
  EdgeHistogramType.cpp
  HomogeneousTextureType.cpp
  ScalableColorType.cpp
  ValueListType.cpp
  ppbim.vcxproj -> C:\Users\Agatka\Desktop\photoplayer\PP_src\ppbim\win32\..\..\lib\Release\ppbim.lib
