Build started 2013-07-19 14:14:22.
     1>Project "C:\Users\Agatka\Desktop\photoplayer\PP_src\MAF_PP\MAF_PP.vcxproj" on node 2 (build target(s)).
     1>InitializeBuildStatus:
         Creating "Debug\MAF_PP.unsuccessfulbuild" because "AlwaysCreate" was specified.
       GenerateTargetFrameworkMonikerAttribute:
       Skipping target "GenerateTargetFrameworkMonikerAttribute" because all output files are up-to-date with respect to the input files.
       ClCompile:
         All outputs are up-to-date.
         All outputs are up-to-date.
         C:\Program Files\Microsoft Visual Studio 10.0\VC\bin\CL.exe /c /I../libisomediafile/src /I../libisomediafile/w32 /I../jpeglib/include /I../xercesc/include /I../xmvisual/src/AddressLib /AI"C:\Program Files\Reference Assemblies\Microsoft\Framework\.NETFramework\v4.0" /Zi /clr /nologo /W3 /WX- /Od /Oy- /D WIN32 /D _DEBUG /D _UNICODE /D UNICODE /EHa /MDd /GS /fp:precise /Zc:wchar_t /Zc:forScope /Yu"StdAfx.h" /Fp"Debug\MAF_PP.pch" /Fo"Debug\\" /Fd"Debug\vc100.pdb" /TP /FU"C:\Program Files\Reference Assemblies\Microsoft\Framework\.NETFramework\v4.0\System.Core.dll" /FU"C:\Program Files\Reference Assemblies\Microsoft\Framework\.NETFramework\v4.0\System.Data.dll" /FU"C:\Program Files\Reference Assemblies\Microsoft\Framework\.NETFramework\v4.0\System.dll" /FU"C:\Program Files\Reference Assemblies\Microsoft\Framework\.NETFramework\v4.0\System.Drawing.dll" /FU"C:\Program Files\Reference Assemblies\Microsoft\Framework\.NETFramework\v4.0\System.Windows.Forms.dll" /FU"C:\Program Files\Reference Assemblies\Microsoft\Framework\.NETFramework\v4.0\System.Xml.dll" /analyze- /errorReport:prompt MAF_PP.cpp /clr:nostdlib 
         MAF_PP.cpp
         All outputs are up-to-date.
       CoreResGen:
         "C:\Program Files\Microsoft SDKs\Windows\v7.0A\bin\NETFX 4.0 Tools\resgen.exe" /useSourcePath /r:"C:\Program Files\Reference Assemblies\Microsoft\Framework\.NETFramework\v4.0\System.Core.dll" /r:"C:\Program Files\Reference Assemblies\Microsoft\Framework\.NETFramework\v4.0\System.Data.dll" /r:"C:\Program Files\Reference Assemblies\Microsoft\Framework\.NETFramework\v4.0\System.dll" /r:"C:\Program Files\Reference Assemblies\Microsoft\Framework\.NETFramework\v4.0\System.Drawing.dll" /r:"C:\Program Files\Reference Assemblies\Microsoft\Framework\.NETFramework\v4.0\System.Windows.Forms.dll" /r:"C:\Program Files\Reference Assemblies\Microsoft\Framework\.NETFramework\v4.0\System.Xml.dll" /compile Form1.resX,Debug\MAF_PP.Form1.resources
         Processing resource file "Form1.resX" into "Debug\MAF_PP.Form1.resources".
       ResourceCompile:
         All outputs are up-to-date.
       Link:
         C:\Program Files\Microsoft Visual Studio 10.0\VC\bin\link.exe /ERRORREPORT:PROMPT /OUT:"C:\Users\Agatka\Desktop\photoplayer\PP_src\Debug\MAF_PP.exe" /INCREMENTAL /NOLOGO /ASSEMBLYRESOURCE:Debug\MAF_PP.Form1.resources /MANIFEST /ManifestFile:"Debug\MAF_PP.exe.intermediate.manifest" /MANIFESTUAC:"level='asInvoker' uiAccess='false'" /DEBUG /PDB:"C:\Users\Agatka\Desktop\photoplayer\PP_src\Debug\MAF_PP.pdb" /ASSEMBLYDEBUG /SUBSYSTEM:WINDOWS /TLBID:1 /ENTRY:"main" /DYNAMICBASE /FIXED:NO /NXCOMPAT /MACHINE:X86 Debug\app.res
         Debug\AssemblyInfo.obj
         Debug\MAF_PP.obj
         Debug\stdafx.obj
         "Debug\.NETFramework,Version=v4.0.AssemblyAttributes.obj"
         MAF_PP.vcxproj -> C:\Users\Agatka\Desktop\photoplayer\PP_src\Debug\MAF_PP.exe
       Manifest:
         C:\Program Files\Microsoft SDKs\Windows\v7.0A\bin\mt.exe /nologo /verbose /outputresource:"C:\Users\Agatka\Desktop\photoplayer\PP_src\Debug\MAF_PP.exe;#1" /manifest Debug\MAF_PP.exe.intermediate.manifest
       FinalizeBuildStatus:
         Deleting file "Debug\MAF_PP.unsuccessfulbuild".
         Touching "Debug\MAF_PP.lastbuildstate".
     1>Done Building Project "C:\Users\Agatka\Desktop\photoplayer\PP_src\MAF_PP\MAF_PP.vcxproj" (build target(s)).

Build succeeded.

Time Elapsed 00:00:03.52
