  ColorLayoutExtraction.cpp
..\src\ExtractionUtilities\ColorLayoutExtraction.cpp(451): warning C4244: '=' : conversion from 'long' to 'short', possible loss of data
  ColorSpaceExtraction.cpp
..\src\ExtractionUtilities\ColorSpaceExtraction.cpp(406): warning C4244: '=' : conversion from 'double' to 'float', possible loss of data
..\src\ExtractionUtilities\ColorSpaceExtraction.cpp(410): warning C4244: '=' : conversion from 'double' to 'float', possible loss of data
  ColorStructureExtraction.cpp
  DominantColorExtraction.cpp
..\src\ExtractionUtilities\DominantColorExtraction.cpp(313): warning C4305: 'initializing' : truncation from 'double' to 'float'
..\src\ExtractionUtilities\DominantColorExtraction.cpp(514): warning C4244: '/=' : conversion from 'double' to 'float', possible loss of data
..\src\ExtractionUtilities\DominantColorExtraction.cpp(515): warning C4244: '/=' : conversion from 'double' to 'float', possible loss of data
..\src\ExtractionUtilities\DominantColorExtraction.cpp(516): warning C4244: '/=' : conversion from 'double' to 'float', possible loss of data
..\src\ExtractionUtilities\DominantColorExtraction.cpp(586): warning C4244: '+=' : conversion from 'double' to 'float', possible loss of data
..\src\ExtractionUtilities\DominantColorExtraction.cpp(588): warning C4244: '+=' : conversion from 'double' to 'float', possible loss of data
..\src\ExtractionUtilities\DominantColorExtraction.cpp(590): warning C4244: '+=' : conversion from 'double' to 'float', possible loss of data
..\src\ExtractionUtilities\DominantColorExtraction.cpp(656): warning C4244: '=' : conversion from 'double' to 'float', possible loss of data
..\src\ExtractionUtilities\DominantColorExtraction.cpp(657): warning C4244: '=' : conversion from 'double' to 'float', possible loss of data
..\src\ExtractionUtilities\DominantColorExtraction.cpp(658): warning C4244: '=' : conversion from 'double' to 'float', possible loss of data
..\src\ExtractionUtilities\DominantColorExtraction.cpp(659): warning C4244: '-=' : conversion from 'double' to 'float', possible loss of data
..\src\ExtractionUtilities\DominantColorExtraction.cpp(660): warning C4244: '-=' : conversion from 'double' to 'float', possible loss of data
..\src\ExtractionUtilities\DominantColorExtraction.cpp(661): warning C4244: '-=' : conversion from 'double' to 'float', possible loss of data
..\src\ExtractionUtilities\DominantColorExtraction.cpp(762): warning C4244: '*=' : conversion from 'double' to 'int', possible loss of data
..\src\ExtractionUtilities\DominantColorExtraction.cpp(763): warning C4244: '*=' : conversion from 'double' to 'int', possible loss of data
..\src\ExtractionUtilities\DominantColorExtraction.cpp(764): warning C4244: '*=' : conversion from 'double' to 'int', possible loss of data
..\src\ExtractionUtilities\DominantColorExtraction.cpp(694): warning C4101: 'conversionmatrix' : unreferenced local variable
..\src\ExtractionUtilities\DominantColorExtraction.cpp(836): warning C4244: 'initializing' : conversion from 'double' to 'float', possible loss of data
..\src\ExtractionUtilities\DominantColorExtraction.cpp(1120): warning C4244: '=' : conversion from 'double' to 'float', possible loss of data
..\src\ExtractionUtilities\DominantColorExtraction.cpp(1122): warning C4244: '=' : conversion from 'double' to 'float', possible loss of data
..\src\ExtractionUtilities\DominantColorExtraction.cpp(1124): warning C4244: '=' : conversion from 'double' to 'float', possible loss of data
..\src\ExtractionUtilities\DominantColorExtraction.cpp(1125): warning C4244: '+=' : conversion from 'double' to 'float', possible loss of data
..\src\ExtractionUtilities\DominantColorExtraction.cpp(1210): warning C4305: 'initializing' : truncation from 'double' to 'const float'
..\src\ExtractionUtilities\DominantColorExtraction.cpp(1225): warning C4244: '=' : conversion from 'double' to 'float', possible loss of data
..\src\ExtractionUtilities\DominantColorExtraction.cpp(1226): warning C4244: '=' : conversion from 'int' to 'float', possible loss of data
..\src\ExtractionUtilities\DominantColorExtraction.cpp(1227): warning C4244: '=' : conversion from 'int' to 'float', possible loss of data
..\src\ExtractionUtilities\DominantColorExtraction.cpp(1228): warning C4244: '=' : conversion from 'int' to 'float', possible loss of data
..\src\ExtractionUtilities\DominantColorExtraction.cpp(1234): warning C4244: '=' : conversion from 'double' to 'float', possible loss of data
..\src\ExtractionUtilities\DominantColorExtraction.cpp(1235): warning C4244: '=' : conversion from 'int' to 'float', possible loss of data
..\src\ExtractionUtilities\DominantColorExtraction.cpp(1236): warning C4244: '=' : conversion from 'int' to 'float', possible loss of data
..\src\ExtractionUtilities\DominantColorExtraction.cpp(1237): warning C4244: '=' : conversion from 'int' to 'float', possible loss of data
..\src\ExtractionUtilities\DominantColorExtraction.cpp(1255): warning C4244: '=' : conversion from 'double' to 'float', possible loss of data
..\src\ExtractionUtilities\DominantColorExtraction.cpp(1256): warning C4244: '=' : conversion from 'const double' to 'float', possible loss of data
..\src\ExtractionUtilities\DominantColorExtraction.cpp(1271): warning C4244: '=' : conversion from 'double' to 'float', possible loss of data
..\src\ExtractionUtilities\DominantColorExtraction.cpp(1272): warning C4244: '=' : conversion from 'const double' to 'float', possible loss of data
..\src\ExtractionUtilities\DominantColorExtraction.cpp(1287): warning C4244: '=' : conversion from 'double' to 'float', possible loss of data
..\src\ExtractionUtilities\DominantColorExtraction.cpp(1288): warning C4244: '=' : conversion from 'const double' to 'float', possible loss of data
..\src\ExtractionUtilities\DominantColorExtraction.cpp(1290): warning C4244: '-=' : conversion from 'double' to 'float', possible loss of data
..\src\ExtractionUtilities\DominantColorExtraction.cpp(1303): warning C4244: 'return' : conversion from 'double' to 'float', possible loss of data
  EdgeHistExtraction.cpp
  homo_texture_extractor.cpp
  HomoTextureExtraction.cpp
  ImageIO.cpp
  ScalableColorExtraction.cpp
  address.c
  fifo.c
..\src\AddressLib\fifo.c(431): warning C4244: 'function' : conversion from 'short' to 'char', possible loss of data
..\src\AddressLib\fifo.c(434): warning C4244: 'function' : conversion from 'short' to 'char', possible loss of data
..\src\AddressLib\fifo.c(767): warning C4244: 'function' : conversion from 'short' to 'char', possible loss of data
..\src\AddressLib\fifo.c(770): warning C4244: 'function' : conversion from 'short' to 'char', possible loss of data
..\src\AddressLib\fifo.c(981): warning C4244: 'function' : conversion from 'short' to 'char', possible loss of data
..\src\AddressLib\fifo.c(984): warning C4244: 'function' : conversion from 'short' to 'char', possible loss of data
..\src\AddressLib\fifo.c(1258): warning C4244: 'function' : conversion from 'short' to 'char', possible loss of data
..\src\AddressLib\fifo.c(1261): warning C4244: 'function' : conversion from 'short' to 'char', possible loss of data
..\src\AddressLib\fifo.c(1466): warning C4244: 'function' : conversion from 'short' to 'char', possible loss of data
..\src\AddressLib\fifo.c(1469): warning C4244: 'function' : conversion from 'short' to 'char', possible loss of data
..\src\AddressLib\fifo.c(1696): warning C4244: 'function' : conversion from 'short' to 'char', possible loss of data
..\src\AddressLib\fifo.c(1699): warning C4244: 'function' : conversion from 'short' to 'char', possible loss of data
  inter.c
..\src\AddressLib\inter.c(1450): warning C4550: expression evaluates to a function which is missing an argument list
..\src\AddressLib\inter.c(1450): warning C4550: expression evaluates to a function which is missing an argument list
..\src\AddressLib\inter.c(2060): warning C4244: '=' : conversion from 'double' to 'float', possible loss of data
..\src\AddressLib\inter.c(2068): warning C4244: '=' : conversion from 'double' to 'float', possible loss of data
..\src\AddressLib\inter.c(2082): warning C4244: '=' : conversion from 'double' to 'float', possible loss of data
..\src\AddressLib\inter.c(2083): warning C4244: '=' : conversion from 'double' to 'float', possible loss of data
..\src\AddressLib\inter.c(2084): warning C4244: '=' : conversion from 'double' to 'float', possible loss of data
..\src\AddressLib\inter.c(2085): warning C4244: '=' : conversion from 'double' to 'float', possible loss of data
..\src\AddressLib\inter.c(2086): warning C4244: '=' : conversion from 'double' to 'float', possible loss of data
..\src\AddressLib\inter.c(2151): warning C4244: '=' : conversion from 'double' to 'float', possible loss of data
..\src\AddressLib\inter.c(2159): warning C4244: '=' : conversion from 'double' to 'float', possible loss of data
..\src\AddressLib\inter.c(2172): warning C4244: '=' : conversion from 'double' to 'float', possible loss of data
..\src\AddressLib\inter.c(2173): warning C4244: '=' : conversion from 'double' to 'float', possible loss of data
..\src\AddressLib\inter.c(2174): warning C4244: '=' : conversion from 'double' to 'float', possible loss of data
..\src\AddressLib\inter.c(2175): warning C4244: '=' : conversion from 'double' to 'float', possible loss of data
..\src\AddressLib\inter.c(2176): warning C4244: '=' : conversion from 'double' to 'float', possible loss of data
  intra.c
  lifo.c
  nhood.c
..\src\AddressLib\nhood.c(462): warning C4018: '>=' : signed/unsigned mismatch
..\src\AddressLib\nhood.c(463): warning C4018: '>=' : signed/unsigned mismatch
..\src\AddressLib\nhood.c(759): warning C4244: '=' : conversion from 'short' to 'char', possible loss of data
..\src\AddressLib\nhood.c(762): warning C4244: '=' : conversion from 'short' to 'char', possible loss of data
  vopio.c
..\src\AddressLib\vopio.c(667): warning C4018: '>=' : signed/unsigned mismatch
..\src\AddressLib\vopio.c(668): warning C4018: '>=' : signed/unsigned mismatch
  xmvisual.vcxproj -> C:\Users\Agatka\Desktop\photoplayer\PP_src\xmvisual\win32\..\..\lib\Release\xmvisual.lib
