..\..\..\lib\Debug\libisomedia.ilk
..\..\..\lib\Debug\libisomedia.pdb
C:\USERS\AGATKA\DESKTOP\PHOTOPLAYER\PP_SRC\LIB\DEBUG\LIBISOMEDIA.DLL
C:\Users\Agatka\Desktop\photoplayer\PP_src\lib\Debug\libisomedia.exp
C:\USERS\AGATKA\DESKTOP\PHOTOPLAYER\PP_SRC\LIB\DEBUG\LIBISOMEDIA.ILK
C:\Users\Agatka\Desktop\photoplayer\PP_src\lib\Debug\libisomedia.lib
C:\Users\Agatka\Desktop\photoplayer\PP_src\libisomediafile\w32\libisomediafile\..\..\..\lib\Debug\libisomedia.dll
C:\USERS\AGATKA\DESKTOP\PHOTOPLAYER\PP_SRC\OBJ\ISOMEDIAFILE\DEBUG\AUDIOSAMPLEENTRYATOM.OBJ
C:\USERS\AGATKA\DESKTOP\PHOTOPLAYER\PP_SRC\OBJ\ISOMEDIAFILE\DEBUG\BASEDESCRIPTOR.OBJ
C:\USERS\AGATKA\DESKTOP\PHOTOPLAYER\PP_SRC\OBJ\ISOMEDIAFILE\DEBUG\BINARYXMLATOM.OBJ
C:\USERS\AGATKA\DESKTOP\PHOTOPLAYER\PP_SRC\OBJ\ISOMEDIAFILE\DEBUG\CHUNKLARGEOFFSETATOM.OBJ
C:\USERS\AGATKA\DESKTOP\PHOTOPLAYER\PP_SRC\OBJ\ISOMEDIAFILE\DEBUG\CHUNKOFFSETATOM.OBJ
C:\Users\Agatka\Desktop\photoplayer\PP_src\obj\isomediafile\Debug\cl.command.1.tlog
C:\Users\Agatka\Desktop\photoplayer\PP_src\obj\isomediafile\Debug\CL.read.1.tlog
C:\Users\Agatka\Desktop\photoplayer\PP_src\obj\isomediafile\Debug\CL.write.1.tlog
C:\USERS\AGATKA\DESKTOP\PHOTOPLAYER\PP_SRC\OBJ\ISOMEDIAFILE\DEBUG\CLOCKREFERENCEMEDIAHEADER.OBJ
C:\USERS\AGATKA\DESKTOP\PHOTOPLAYER\PP_SRC\OBJ\ISOMEDIAFILE\DEBUG\COPYRIGHTATOM.OBJ
C:\USERS\AGATKA\DESKTOP\PHOTOPLAYER\PP_SRC\OBJ\ISOMEDIAFILE\DEBUG\DATAENTRYURLATOM.OBJ
C:\USERS\AGATKA\DESKTOP\PHOTOPLAYER\PP_SRC\OBJ\ISOMEDIAFILE\DEBUG\DATAENTRYURNATOM.OBJ
C:\USERS\AGATKA\DESKTOP\PHOTOPLAYER\PP_SRC\OBJ\ISOMEDIAFILE\DEBUG\DATAINFORMATIONATOM.OBJ
C:\USERS\AGATKA\DESKTOP\PHOTOPLAYER\PP_SRC\OBJ\ISOMEDIAFILE\DEBUG\DATAREFERENCEATOM.OBJ
C:\USERS\AGATKA\DESKTOP\PHOTOPLAYER\PP_SRC\OBJ\ISOMEDIAFILE\DEBUG\DECODINGOFFSETATOM.OBJ
C:\USERS\AGATKA\DESKTOP\PHOTOPLAYER\PP_SRC\OBJ\ISOMEDIAFILE\DEBUG\DEGRADATIONPRIORITYATOM.OBJ
C:\USERS\AGATKA\DESKTOP\PHOTOPLAYER\PP_SRC\OBJ\ISOMEDIAFILE\DEBUG\EDITATOM.OBJ
C:\USERS\AGATKA\DESKTOP\PHOTOPLAYER\PP_SRC\OBJ\ISOMEDIAFILE\DEBUG\EDITLISTATOM.OBJ
C:\USERS\AGATKA\DESKTOP\PHOTOPLAYER\PP_SRC\OBJ\ISOMEDIAFILE\DEBUG\ESDATOM.OBJ
C:\USERS\AGATKA\DESKTOP\PHOTOPLAYER\PP_SRC\OBJ\ISOMEDIAFILE\DEBUG\ESUPDATECOMMAND.OBJ
C:\USERS\AGATKA\DESKTOP\PHOTOPLAYER\PP_SRC\OBJ\ISOMEDIAFILE\DEBUG\FILEMAPPINGDATAHANDLER.OBJ
C:\USERS\AGATKA\DESKTOP\PHOTOPLAYER\PP_SRC\OBJ\ISOMEDIAFILE\DEBUG\FREESPACEATOM.OBJ
C:\USERS\AGATKA\DESKTOP\PHOTOPLAYER\PP_SRC\OBJ\ISOMEDIAFILE\DEBUG\GENERICSAMPLEENTRYATOM.OBJ
C:\USERS\AGATKA\DESKTOP\PHOTOPLAYER\PP_SRC\OBJ\ISOMEDIAFILE\DEBUG\HANDLERATOM.OBJ
C:\USERS\AGATKA\DESKTOP\PHOTOPLAYER\PP_SRC\OBJ\ISOMEDIAFILE\DEBUG\HINTMEDIAHEADERATOM.OBJ
C:\USERS\AGATKA\DESKTOP\PHOTOPLAYER\PP_SRC\OBJ\ISOMEDIAFILE\DEBUG\ISOMOVIEFILE.OBJ
C:\USERS\AGATKA\DESKTOP\PHOTOPLAYER\PP_SRC\OBJ\ISOMEDIAFILE\DEBUG\LIBISOMEDIA.DLL.EMBED.MANIFEST
C:\USERS\AGATKA\DESKTOP\PHOTOPLAYER\PP_SRC\OBJ\ISOMEDIAFILE\DEBUG\LIBISOMEDIA.DLL.EMBED.MANIFEST.RES
C:\USERS\AGATKA\DESKTOP\PHOTOPLAYER\PP_SRC\OBJ\ISOMEDIAFILE\DEBUG\LIBISOMEDIA.DLL.INTERMEDIATE.MANIFEST
C:\USERS\AGATKA\DESKTOP\PHOTOPLAYER\PP_SRC\OBJ\ISOMEDIAFILE\DEBUG\LIBISOMEDIA.PDB
C:\Users\Agatka\Desktop\photoplayer\PP_src\obj\isomediafile\Debug\libisomedia.write.1.tlog
C:\Users\Agatka\Desktop\photoplayer\PP_src\obj\isomediafile\Debug\libisomedia_manifest.rc
C:\Users\Agatka\Desktop\photoplayer\PP_src\obj\isomediafile\Debug\link.6076.read.1.tlog
C:\Users\Agatka\Desktop\photoplayer\PP_src\obj\isomediafile\Debug\link.6076.write.1.tlog
C:\Users\Agatka\Desktop\photoplayer\PP_src\obj\isomediafile\Debug\link.6076-cvtres.read.1.tlog
C:\Users\Agatka\Desktop\photoplayer\PP_src\obj\isomediafile\Debug\link.6076-cvtres.write.1.tlog
C:\Users\Agatka\Desktop\photoplayer\PP_src\obj\isomediafile\Debug\link.command.1.tlog
C:\Users\Agatka\Desktop\photoplayer\PP_src\obj\isomediafile\Debug\link.read.1.tlog
C:\Users\Agatka\Desktop\photoplayer\PP_src\obj\isomediafile\Debug\link.write.1.tlog
C:\Users\Agatka\Desktop\photoplayer\PP_src\obj\isomediafile\Debug\link-cvtres.read.1.tlog
C:\Users\Agatka\Desktop\photoplayer\PP_src\obj\isomediafile\Debug\link-cvtres.write.1.tlog
C:\USERS\AGATKA\DESKTOP\PHOTOPLAYER\PP_SRC\OBJ\ISOMEDIAFILE\DEBUG\MDATDATAHANDLER.OBJ
C:\USERS\AGATKA\DESKTOP\PHOTOPLAYER\PP_SRC\OBJ\ISOMEDIAFILE\DEBUG\MEDIAATOM.OBJ
C:\USERS\AGATKA\DESKTOP\PHOTOPLAYER\PP_SRC\OBJ\ISOMEDIAFILE\DEBUG\MEDIADATAATOM.OBJ
C:\USERS\AGATKA\DESKTOP\PHOTOPLAYER\PP_SRC\OBJ\ISOMEDIAFILE\DEBUG\MEDIAHEADERATOM.OBJ
C:\USERS\AGATKA\DESKTOP\PHOTOPLAYER\PP_SRC\OBJ\ISOMEDIAFILE\DEBUG\MEDIAINFORMATIONATOM.OBJ
C:\USERS\AGATKA\DESKTOP\PHOTOPLAYER\PP_SRC\OBJ\ISOMEDIAFILE\DEBUG\MEMORYFILEMAPPINGOBJECT.OBJ
C:\USERS\AGATKA\DESKTOP\PHOTOPLAYER\PP_SRC\OBJ\ISOMEDIAFILE\DEBUG\METADATAATOM.OBJ
C:\USERS\AGATKA\DESKTOP\PHOTOPLAYER\PP_SRC\OBJ\ISOMEDIAFILE\DEBUG\MJ2BITSPERCOMPONENTATOM.OBJ
C:\USERS\AGATKA\DESKTOP\PHOTOPLAYER\PP_SRC\OBJ\ISOMEDIAFILE\DEBUG\MJ2COLORSPECIFICATIONATOM.OBJ
C:\USERS\AGATKA\DESKTOP\PHOTOPLAYER\PP_SRC\OBJ\ISOMEDIAFILE\DEBUG\MJ2FILETYPEATOM.OBJ
C:\USERS\AGATKA\DESKTOP\PHOTOPLAYER\PP_SRC\OBJ\ISOMEDIAFILE\DEBUG\MJ2HEADERATOM.OBJ
C:\USERS\AGATKA\DESKTOP\PHOTOPLAYER\PP_SRC\OBJ\ISOMEDIAFILE\DEBUG\MJ2IMAGEHEADERATOM.OBJ
C:\USERS\AGATKA\DESKTOP\PHOTOPLAYER\PP_SRC\OBJ\ISOMEDIAFILE\DEBUG\MJ2MOVIEFILE.OBJ
C:\USERS\AGATKA\DESKTOP\PHOTOPLAYER\PP_SRC\OBJ\ISOMEDIAFILE\DEBUG\MJ2MOVIES.OBJ
C:\USERS\AGATKA\DESKTOP\PHOTOPLAYER\PP_SRC\OBJ\ISOMEDIAFILE\DEBUG\MJ2SIGNATUREATOM.OBJ
C:\USERS\AGATKA\DESKTOP\PHOTOPLAYER\PP_SRC\OBJ\ISOMEDIAFILE\DEBUG\MOVIEATOM.OBJ
C:\USERS\AGATKA\DESKTOP\PHOTOPLAYER\PP_SRC\OBJ\ISOMEDIAFILE\DEBUG\MOVIEHEADERATOM.OBJ
C:\USERS\AGATKA\DESKTOP\PHOTOPLAYER\PP_SRC\OBJ\ISOMEDIAFILE\DEBUG\MOVIETRACKS.OBJ
C:\USERS\AGATKA\DESKTOP\PHOTOPLAYER\PP_SRC\OBJ\ISOMEDIAFILE\DEBUG\MP4ATOMS.OBJ
C:\USERS\AGATKA\DESKTOP\PHOTOPLAYER\PP_SRC\OBJ\ISOMEDIAFILE\DEBUG\MP4COMMANDS.OBJ
C:\USERS\AGATKA\DESKTOP\PHOTOPLAYER\PP_SRC\OBJ\ISOMEDIAFILE\DEBUG\MP4DATAHANDLER.OBJ
C:\USERS\AGATKA\DESKTOP\PHOTOPLAYER\PP_SRC\OBJ\ISOMEDIAFILE\DEBUG\MP4DECODERCONFIGDESCRIPTOR.OBJ
C:\USERS\AGATKA\DESKTOP\PHOTOPLAYER\PP_SRC\OBJ\ISOMEDIAFILE\DEBUG\MP4DEFAULTCOMMAND.OBJ
C:\USERS\AGATKA\DESKTOP\PHOTOPLAYER\PP_SRC\OBJ\ISOMEDIAFILE\DEBUG\MP4DEFAULTDESCRIPTOR.OBJ
C:\USERS\AGATKA\DESKTOP\PHOTOPLAYER\PP_SRC\OBJ\ISOMEDIAFILE\DEBUG\MP4DESCRIPTORS.OBJ
C:\USERS\AGATKA\DESKTOP\PHOTOPLAYER\PP_SRC\OBJ\ISOMEDIAFILE\DEBUG\MP4ES_ID_INCDESCRIPTOR.OBJ
C:\USERS\AGATKA\DESKTOP\PHOTOPLAYER\PP_SRC\OBJ\ISOMEDIAFILE\DEBUG\MP4ES_ID_REFDESCRIPTOR.OBJ
C:\USERS\AGATKA\DESKTOP\PHOTOPLAYER\PP_SRC\OBJ\ISOMEDIAFILE\DEBUG\MP4ESDESCRIPTOR.OBJ
C:\USERS\AGATKA\DESKTOP\PHOTOPLAYER\PP_SRC\OBJ\ISOMEDIAFILE\DEBUG\MP4FILEMAPPINGINPUTSTREAM.OBJ
C:\USERS\AGATKA\DESKTOP\PHOTOPLAYER\PP_SRC\OBJ\ISOMEDIAFILE\DEBUG\MP4FILETYPEATOM.OBJ
C:\USERS\AGATKA\DESKTOP\PHOTOPLAYER\PP_SRC\OBJ\ISOMEDIAFILE\DEBUG\MP4HANDLE.OBJ
C:\USERS\AGATKA\DESKTOP\PHOTOPLAYER\PP_SRC\OBJ\ISOMEDIAFILE\DEBUG\MP4INITIALOBJECTDESCRIPTOR.OBJ
C:\USERS\AGATKA\DESKTOP\PHOTOPLAYER\PP_SRC\OBJ\ISOMEDIAFILE\DEBUG\MP4INPUTSTREAM.OBJ
C:\USERS\AGATKA\DESKTOP\PHOTOPLAYER\PP_SRC\OBJ\ISOMEDIAFILE\DEBUG\MP4LINKEDLIST.OBJ
C:\USERS\AGATKA\DESKTOP\PHOTOPLAYER\PP_SRC\OBJ\ISOMEDIAFILE\DEBUG\MP4MEDIA.OBJ
C:\USERS\AGATKA\DESKTOP\PHOTOPLAYER\PP_SRC\OBJ\ISOMEDIAFILE\DEBUG\MP4MEMORYINPUTSTREAM.OBJ
C:\USERS\AGATKA\DESKTOP\PHOTOPLAYER\PP_SRC\OBJ\ISOMEDIAFILE\DEBUG\MP4METADATA.OBJ
C:\USERS\AGATKA\DESKTOP\PHOTOPLAYER\PP_SRC\OBJ\ISOMEDIAFILE\DEBUG\MP4MOVIEFILE.OBJ
C:\USERS\AGATKA\DESKTOP\PHOTOPLAYER\PP_SRC\OBJ\ISOMEDIAFILE\DEBUG\MP4MOVIES.OBJ
C:\USERS\AGATKA\DESKTOP\PHOTOPLAYER\PP_SRC\OBJ\ISOMEDIAFILE\DEBUG\MP4OBJECTDESCRIPTOR.OBJ
C:\USERS\AGATKA\DESKTOP\PHOTOPLAYER\PP_SRC\OBJ\ISOMEDIAFILE\DEBUG\MP4ODTRACKREADER.OBJ
C:\USERS\AGATKA\DESKTOP\PHOTOPLAYER\PP_SRC\OBJ\ISOMEDIAFILE\DEBUG\MP4ORDINARYTRACKREADER.OBJ
C:\USERS\AGATKA\DESKTOP\PHOTOPLAYER\PP_SRC\OBJ\ISOMEDIAFILE\DEBUG\MP4SLPACKET.OBJ
C:\USERS\AGATKA\DESKTOP\PHOTOPLAYER\PP_SRC\OBJ\ISOMEDIAFILE\DEBUG\MP4TRACKREADER.OBJ
C:\USERS\AGATKA\DESKTOP\PHOTOPLAYER\PP_SRC\OBJ\ISOMEDIAFILE\DEBUG\MP4USERDATA.OBJ
C:\USERS\AGATKA\DESKTOP\PHOTOPLAYER\PP_SRC\OBJ\ISOMEDIAFILE\DEBUG\MPEGMEDIAHEADERATOM.OBJ
C:\USERS\AGATKA\DESKTOP\PHOTOPLAYER\PP_SRC\OBJ\ISOMEDIAFILE\DEBUG\MPEGSAMPLEENTRYATOM.OBJ
C:\USERS\AGATKA\DESKTOP\PHOTOPLAYER\PP_SRC\OBJ\ISOMEDIAFILE\DEBUG\MPPMAFMOVIEFILE.OBJ
C:\USERS\AGATKA\DESKTOP\PHOTOPLAYER\PP_SRC\OBJ\ISOMEDIAFILE\DEBUG\MPPMAFMOVIES.OBJ
C:\Users\Agatka\Desktop\photoplayer\PP_src\obj\isomediafile\Debug\mt.command.1.tlog
C:\Users\Agatka\Desktop\photoplayer\PP_src\obj\isomediafile\Debug\mt.read.1.tlog
C:\Users\Agatka\Desktop\photoplayer\PP_src\obj\isomediafile\Debug\mt.write.1.tlog
C:\USERS\AGATKA\DESKTOP\PHOTOPLAYER\PP_SRC\OBJ\ISOMEDIAFILE\DEBUG\OBJECTDESCRIPTORATOM.OBJ
C:\USERS\AGATKA\DESKTOP\PHOTOPLAYER\PP_SRC\OBJ\ISOMEDIAFILE\DEBUG\OBJECTDESCRIPTORMEDIAHEADER.OBJ
C:\USERS\AGATKA\DESKTOP\PHOTOPLAYER\PP_SRC\OBJ\ISOMEDIAFILE\DEBUG\ODUPDATECOMMAND.OBJ
C:\USERS\AGATKA\DESKTOP\PHOTOPLAYER\PP_SRC\OBJ\ISOMEDIAFILE\DEBUG\QTMOVIEFILE.OBJ
C:\USERS\AGATKA\DESKTOP\PHOTOPLAYER\PP_SRC\OBJ\ISOMEDIAFILE\DEBUG\QTMOVIES.OBJ
C:\Users\Agatka\Desktop\photoplayer\PP_src\obj\isomediafile\Debug\rc.command.1.tlog
C:\Users\Agatka\Desktop\photoplayer\PP_src\obj\isomediafile\Debug\rc.read.1.tlog
C:\Users\Agatka\Desktop\photoplayer\PP_src\obj\isomediafile\Debug\rc.write.1.tlog
C:\USERS\AGATKA\DESKTOP\PHOTOPLAYER\PP_SRC\OBJ\ISOMEDIAFILE\DEBUG\SAMPLEDESCRIPTIONATOM.OBJ
C:\USERS\AGATKA\DESKTOP\PHOTOPLAYER\PP_SRC\OBJ\ISOMEDIAFILE\DEBUG\SAMPLESIZEATOM.OBJ
C:\USERS\AGATKA\DESKTOP\PHOTOPLAYER\PP_SRC\OBJ\ISOMEDIAFILE\DEBUG\SAMPLETABLEATOM.OBJ
C:\USERS\AGATKA\DESKTOP\PHOTOPLAYER\PP_SRC\OBJ\ISOMEDIAFILE\DEBUG\SAMPLETOCHUNKATOM.OBJ
C:\USERS\AGATKA\DESKTOP\PHOTOPLAYER\PP_SRC\OBJ\ISOMEDIAFILE\DEBUG\SCENEDESCRIPTIONMEDIAHEADER.OBJ
C:\USERS\AGATKA\DESKTOP\PHOTOPLAYER\PP_SRC\OBJ\ISOMEDIAFILE\DEBUG\SHADOWSYNCATOM.OBJ
C:\USERS\AGATKA\DESKTOP\PHOTOPLAYER\PP_SRC\OBJ\ISOMEDIAFILE\DEBUG\SLCONFIGDESCRIPTOR.OBJ
C:\USERS\AGATKA\DESKTOP\PHOTOPLAYER\PP_SRC\OBJ\ISOMEDIAFILE\DEBUG\SOUNDMEDIAHEADERATOM.OBJ
C:\USERS\AGATKA\DESKTOP\PHOTOPLAYER\PP_SRC\OBJ\ISOMEDIAFILE\DEBUG\SYNCSAMPLEATOM.OBJ
C:\USERS\AGATKA\DESKTOP\PHOTOPLAYER\PP_SRC\OBJ\ISOMEDIAFILE\DEBUG\TIMETOSAMPLEATOM.OBJ
C:\USERS\AGATKA\DESKTOP\PHOTOPLAYER\PP_SRC\OBJ\ISOMEDIAFILE\DEBUG\TRACKATOM.OBJ
C:\USERS\AGATKA\DESKTOP\PHOTOPLAYER\PP_SRC\OBJ\ISOMEDIAFILE\DEBUG\TRACKHEADERATOM.OBJ
C:\USERS\AGATKA\DESKTOP\PHOTOPLAYER\PP_SRC\OBJ\ISOMEDIAFILE\DEBUG\TRACKREFERENCEATOM.OBJ
C:\USERS\AGATKA\DESKTOP\PHOTOPLAYER\PP_SRC\OBJ\ISOMEDIAFILE\DEBUG\TRACKREFERENCETYPEATOM.OBJ
C:\USERS\AGATKA\DESKTOP\PHOTOPLAYER\PP_SRC\OBJ\ISOMEDIAFILE\DEBUG\UNKNOWNATOM.OBJ
C:\USERS\AGATKA\DESKTOP\PHOTOPLAYER\PP_SRC\OBJ\ISOMEDIAFILE\DEBUG\USERDATAATOM.OBJ
C:\Users\Agatka\Desktop\photoplayer\PP_src\obj\isomediafile\Debug\vc100.idb
C:\USERS\AGATKA\DESKTOP\PHOTOPLAYER\PP_SRC\OBJ\ISOMEDIAFILE\DEBUG\VC100.PDB
C:\USERS\AGATKA\DESKTOP\PHOTOPLAYER\PP_SRC\OBJ\ISOMEDIAFILE\DEBUG\VIDEOMEDIAHEADERATOM.OBJ
C:\USERS\AGATKA\DESKTOP\PHOTOPLAYER\PP_SRC\OBJ\ISOMEDIAFILE\DEBUG\VISUALSAMPLEENTRYATOM.OBJ
C:\USERS\AGATKA\DESKTOP\PHOTOPLAYER\PP_SRC\OBJ\ISOMEDIAFILE\DEBUG\W32FILEMAPPINGOBJECT.OBJ
