  W32FileMappingObject.c
  VisualSampleEntryAtom.c
  VideoMediaHeaderAtom.c
  UserDataAtom.c
  UnknownAtom.c
  TrackReferenceTypeAtom.c
  TrackReferenceAtom.c
  TrackHeaderAtom.c
  TrackAtom.c
  TimeToSampleAtom.c
  SyncSampleAtom.c
  SoundMediaHeaderAtom.c
  SLConfigDescriptor.c
  ShadowSyncAtom.c
  SceneDescriptionMediaHeader.c
  SampleToChunkAtom.c
  SampleTableAtom.c
  SampleSizeAtom.c
  SampleDescriptionAtom.c
  QTMovies.c
  Generating Code...
  Compiling...
  QTMovieFile.c
  ODUpdateCommand.c
  ObjectDescriptorMediaHeader.c
  ObjectDescriptorAtom.c
  MPPMAFMovies.c
  MPPMAFMovieFile.c
  MPEGSampleEntryAtom.c
  MPEGMediaHeaderAtom.c
  MP4UserData.c
  MP4TrackReader.c
  MP4SLPacket.c
  MP4OrdinaryTrackReader.c
  MP4ODTrackReader.c
  MP4ObjectDescriptor.c
  MP4Movies.c
c:\users\agatka\desktop\photoplayer\pp_src\libisomediafile\src\mp4movies.c(987): warning C4244: '=' : conversion from 'time_t' to 'unsigned long', possible loss of data
  MP4MovieFile.c
  MP4Metadata.c
  MP4MemoryInputStream.c
  MP4Media.c
  MP4LinkedList.c
  Generating Code...
  Compiling...
  MP4InputStream.c
  MP4InitialObjectDescriptor.c
  MP4Handle.c
  MP4FileTypeAtom.c
  MP4FileMappingInputStream.c
  MP4ESDescriptor.c
  MP4ES_ID_RefDescriptor.c
  MP4ES_ID_IncDescriptor.c
  MP4Descriptors.c
  MP4DefaultDescriptor.c
  MP4DefaultCommand.c
  MP4DecoderConfigDescriptor.c
  MP4DataHandler.c
  MP4Commands.c
  MP4Atoms.c
  MovieTracks.c
  MovieHeaderAtom.c
  MovieAtom.c
  MJ2SignatureAtom.c
  MJ2Movies.c
  Generating Code...
  Compiling...
  MJ2MovieFile.c
  MJ2ImageHeaderAtom.c
  MJ2HeaderAtom.c
  MJ2FileTypeAtom.c
  MJ2ColorSpecificationAtom.c
  MJ2BitsPerComponentAtom.c
  MetadataAtom.c
  MemoryFileMappingObject.c
  MediaInformationAtom.c
  MediaHeaderAtom.c
  MediaDataAtom.c
  MediaAtom.c
  MdatDataHandler.c
  ISOMovieFile.c
  HintMediaHeaderAtom.c
  HandlerAtom.c
  GenericSampleEntryAtom.c
  FreeSpaceAtom.c
  FileMappingDataHandler.c
  ESUpdateCommand.c
  Generating Code...
  Compiling...
  ESDAtom.c
  EditListAtom.c
  EditAtom.c
  DegradationPriorityAtom.c
  DecodingOffsetAtom.c
  DataReferenceAtom.c
  DataInformationAtom.c
  DataEntryURNAtom.c
  DataEntryURLAtom.c
  CopyrightAtom.c
  ClockReferenceMediaHeader.c
  ChunkOffsetAtom.c
  ChunkLargeOffsetAtom.c
  BinaryXMLAtom.c
  BaseDescriptor.c
  AudioSampleEntryAtom.c
  Generating Code...
     Creating library C:\Users\Agatka\Desktop\photoplayer\PP_src\\MAF_PP\libisomedia.lib and object C:\Users\Agatka\Desktop\photoplayer\PP_src\\MAF_PP\libisomedia.exp
     Creating library C:\Users\Agatka\Desktop\photoplayer\PP_src\\MAF_PP\libisomedia.lib and object C:\Users\Agatka\Desktop\photoplayer\PP_src\\MAF_PP\libisomedia.exp
  libisomedia.vcxproj -> C:\Users\Agatka\Desktop\photoplayer\PP_src\\MAF_PP\libisomedia.dll
