..\..\out\PhotoPlayer\Debug\pp_dataparser.ilk
..\..\out\PhotoPlayer\Debug\pp_dataparser.pdb
C:\Users\Agatka\Desktop\photo\PP_src\obj\PhotoPlayer\Debug\cl.command.1.tlog
C:\Users\Agatka\Desktop\photo\PP_src\obj\PhotoPlayer\Debug\CL.read.1.tlog
C:\Users\Agatka\Desktop\photo\PP_src\obj\PhotoPlayer\Debug\CL.write.1.tlog
C:\USERS\AGATKA\DESKTOP\PHOTO\PP_SRC\OBJ\PHOTOPLAYER\DEBUG\IMAGELIST.OBJ
C:\USERS\AGATKA\DESKTOP\PHOTO\PP_SRC\OBJ\PHOTOPLAYER\DEBUG\JPEGUTIL.OBJ
C:\Users\Agatka\Desktop\photo\PP_src\obj\PhotoPlayer\Debug\link.2204.read.1.tlog
C:\Users\Agatka\Desktop\photo\PP_src\obj\PhotoPlayer\Debug\link.2204.write.1.tlog
C:\Users\Agatka\Desktop\photo\PP_src\obj\PhotoPlayer\Debug\link.2204-cvtres.read.1.tlog
C:\Users\Agatka\Desktop\photo\PP_src\obj\PhotoPlayer\Debug\link.2204-cvtres.write.1.tlog
C:\Users\Agatka\Desktop\photo\PP_src\obj\PhotoPlayer\Debug\link.2404.read.1.tlog
C:\Users\Agatka\Desktop\photo\PP_src\obj\PhotoPlayer\Debug\link.2404.write.1.tlog
C:\Users\Agatka\Desktop\photo\PP_src\obj\PhotoPlayer\Debug\link.2404-cvtres.read.1.tlog
C:\Users\Agatka\Desktop\photo\PP_src\obj\PhotoPlayer\Debug\link.2404-cvtres.write.1.tlog
C:\Users\Agatka\Desktop\photo\PP_src\obj\PhotoPlayer\Debug\link.3560.read.1.tlog
C:\Users\Agatka\Desktop\photo\PP_src\obj\PhotoPlayer\Debug\link.3560.write.1.tlog
C:\Users\Agatka\Desktop\photo\PP_src\obj\PhotoPlayer\Debug\link.4864.read.1.tlog
C:\Users\Agatka\Desktop\photo\PP_src\obj\PhotoPlayer\Debug\link.4864.write.1.tlog
C:\Users\Agatka\Desktop\photo\PP_src\obj\PhotoPlayer\Debug\link.4864-cvtres.read.1.tlog
C:\Users\Agatka\Desktop\photo\PP_src\obj\PhotoPlayer\Debug\link.4864-cvtres.write.1.tlog
C:\Users\Agatka\Desktop\photo\PP_src\obj\PhotoPlayer\Debug\link.4984.read.1.tlog
C:\Users\Agatka\Desktop\photo\PP_src\obj\PhotoPlayer\Debug\link.4984.write.1.tlog
C:\Users\Agatka\Desktop\photo\PP_src\obj\PhotoPlayer\Debug\link.4984-cvtres.read.1.tlog
C:\Users\Agatka\Desktop\photo\PP_src\obj\PhotoPlayer\Debug\link.4984-cvtres.write.1.tlog
C:\Users\Agatka\Desktop\photo\PP_src\obj\PhotoPlayer\Debug\link.5388.read.1.tlog
C:\Users\Agatka\Desktop\photo\PP_src\obj\PhotoPlayer\Debug\link.5388.write.1.tlog
C:\Users\Agatka\Desktop\photo\PP_src\obj\PhotoPlayer\Debug\link.5388-cvtres.read.1.tlog
C:\Users\Agatka\Desktop\photo\PP_src\obj\PhotoPlayer\Debug\link.5388-cvtres.write.1.tlog
C:\Users\Agatka\Desktop\photo\PP_src\obj\PhotoPlayer\Debug\link.command.1.tlog
C:\Users\Agatka\Desktop\photo\PP_src\obj\PhotoPlayer\Debug\link.read.1.tlog
C:\Users\Agatka\Desktop\photo\PP_src\obj\PhotoPlayer\Debug\link.write.1.tlog
C:\Users\Agatka\Desktop\photo\PP_src\obj\PhotoPlayer\Debug\link-cvtres.read.1.tlog
C:\Users\Agatka\Desktop\photo\PP_src\obj\PhotoPlayer\Debug\link-cvtres.write.1.tlog
C:\Users\Agatka\Desktop\photo\PP_src\obj\PhotoPlayer\Debug\mt.command.1.tlog
C:\Users\Agatka\Desktop\photo\PP_src\obj\PhotoPlayer\Debug\mt.read.1.tlog
C:\Users\Agatka\Desktop\photo\PP_src\obj\PhotoPlayer\Debug\mt.write.1.tlog
C:\USERS\AGATKA\DESKTOP\PHOTO\PP_SRC\OBJ\PHOTOPLAYER\DEBUG\PHOTOPLAYER.OBJ
C:\USERS\AGATKA\DESKTOP\PHOTO\PP_SRC\OBJ\PHOTOPLAYER\DEBUG\PP_DATAPARSER.EXE.EMBED.MANIFEST
C:\USERS\AGATKA\DESKTOP\PHOTO\PP_SRC\OBJ\PHOTOPLAYER\DEBUG\PP_DATAPARSER.EXE.EMBED.MANIFEST.RES
C:\USERS\AGATKA\DESKTOP\PHOTO\PP_SRC\OBJ\PHOTOPLAYER\DEBUG\PP_DATAPARSER.EXE.INTERMEDIATE.MANIFEST
C:\USERS\AGATKA\DESKTOP\PHOTO\PP_SRC\OBJ\PHOTOPLAYER\DEBUG\PP_DATAPARSER.OBJ
C:\USERS\AGATKA\DESKTOP\PHOTO\PP_SRC\OBJ\PHOTOPLAYER\DEBUG\PP_DATAPARSER.PCH
C:\Users\Agatka\Desktop\photo\PP_src\obj\PhotoPlayer\Debug\pp_dataparser_manifest.rc
C:\USERS\AGATKA\DESKTOP\PHOTO\PP_SRC\OBJ\PHOTOPLAYER\DEBUG\PP_GETIMAGE.OBJ
C:\USERS\AGATKA\DESKTOP\PHOTO\PP_SRC\OBJ\PHOTOPLAYER\DEBUG\PP_ITEMBUILDER.OBJ
C:\USERS\AGATKA\DESKTOP\PHOTO\PP_SRC\OBJ\PHOTOPLAYER\DEBUG\PPBUILDER.OBJ
C:\Users\Agatka\Desktop\photo\PP_src\obj\PhotoPlayer\Debug\PPDataParser.exe.embed.manifest
C:\USERS\AGATKA\DESKTOP\PHOTO\PP_SRC\OBJ\PHOTOPLAYER\DEBUG\PPDATAPARSER.EXE.EMBED.MANIFEST.RES
C:\USERS\AGATKA\DESKTOP\PHOTO\PP_SRC\OBJ\PHOTOPLAYER\DEBUG\PPDATAPARSER.PCH
C:\Users\Agatka\Desktop\photo\PP_src\obj\PhotoPlayer\Debug\PPDataParser.write.1.tlog
C:\Users\Agatka\Desktop\photo\PP_src\obj\PhotoPlayer\Debug\PPDataParser_manifest.rc
C:\USERS\AGATKA\DESKTOP\PHOTO\PP_SRC\OBJ\PHOTOPLAYER\DEBUG\PPDOMERRORHANDLER.OBJ
C:\USERS\AGATKA\DESKTOP\PHOTO\PP_SRC\OBJ\PHOTOPLAYER\DEBUG\PPGETIMAGE.EXE.EMBED.MANIFEST
C:\USERS\AGATKA\DESKTOP\PHOTO\PP_SRC\OBJ\PHOTOPLAYER\DEBUG\PPGETIMAGE.EXE.EMBED.MANIFEST.RES
C:\USERS\AGATKA\DESKTOP\PHOTO\PP_SRC\OBJ\PHOTOPLAYER\DEBUG\PPGETIMAGE.EXE.INTERMEDIATE.MANIFEST
C:\USERS\AGATKA\DESKTOP\PHOTO\PP_SRC\OBJ\PHOTOPLAYER\DEBUG\PPGETIMAGE.PCH
C:\Users\Agatka\Desktop\photo\PP_src\obj\PhotoPlayer\Debug\PPGetImage.write.1.tlog
C:\Users\Agatka\Desktop\photo\PP_src\obj\PhotoPlayer\Debug\PPGetImage_manifest.rc
C:\USERS\AGATKA\DESKTOP\PHOTO\PP_SRC\OBJ\PHOTOPLAYER\DEBUG\PPITEMBUILDER.EXE.EMBED.MANIFEST
C:\USERS\AGATKA\DESKTOP\PHOTO\PP_SRC\OBJ\PHOTOPLAYER\DEBUG\PPITEMBUILDER.EXE.EMBED.MANIFEST.RES
C:\USERS\AGATKA\DESKTOP\PHOTO\PP_SRC\OBJ\PHOTOPLAYER\DEBUG\PPITEMBUILDER.EXE.INTERMEDIATE.MANIFEST
C:\USERS\AGATKA\DESKTOP\PHOTO\PP_SRC\OBJ\PHOTOPLAYER\DEBUG\PPITEMBUILDER.PCH
C:\Users\Agatka\Desktop\photo\PP_src\obj\PhotoPlayer\Debug\PPItemBuilder.write.1.tlog
C:\Users\Agatka\Desktop\photo\PP_src\obj\PhotoPlayer\Debug\PPItemBuilder_manifest.rc
C:\Users\Agatka\Desktop\photo\PP_src\obj\PhotoPlayer\Debug\rc.command.1.tlog
C:\Users\Agatka\Desktop\photo\PP_src\obj\PhotoPlayer\Debug\rc.read.1.tlog
C:\Users\Agatka\Desktop\photo\PP_src\obj\PhotoPlayer\Debug\rc.write.1.tlog
C:\Users\Agatka\Desktop\photo\PP_src\obj\PhotoPlayer\Debug\ResolveAssemblyReference.cache
C:\Users\Agatka\Desktop\photo\PP_src\obj\PhotoPlayer\Debug\vc100.idb
C:\USERS\AGATKA\DESKTOP\PHOTO\PP_SRC\OBJ\PHOTOPLAYER\DEBUG\VC100.PDB
C:\USERS\AGATKA\DESKTOP\PHOTO\PP_SRC\OUT\PHOTOPLAYER\DEBUG\PP_DATAPARSER.EXE
C:\USERS\AGATKA\DESKTOP\PHOTO\PP_SRC\OUT\PHOTOPLAYER\DEBUG\PP_DATAPARSER.ILK
C:\USERS\AGATKA\DESKTOP\PHOTO\PP_SRC\OUT\PHOTOPLAYER\DEBUG\PP_DATAPARSER.PDB
C:\USERS\AGATKA\DESKTOP\PHOTO\PP_SRC\OUT\PHOTOPLAYER\DEBUG\PP_GETIMAGE.EXE
C:\USERS\AGATKA\DESKTOP\PHOTO\PP_SRC\OUT\PHOTOPLAYER\DEBUG\PP_GETIMAGE.ILK
C:\USERS\AGATKA\DESKTOP\PHOTO\PP_SRC\OUT\PHOTOPLAYER\DEBUG\PP_ITEMBUILDER.EXE
C:\USERS\AGATKA\DESKTOP\PHOTO\PP_SRC\OUT\PHOTOPLAYER\DEBUG\PP_ITEMBUILDER.ILK
C:\USERS\AGATKA\DESKTOP\PHOTO\PP_SRC\OUT\PHOTOPLAYER\DEBUG\PPGETIMAGE.PDB
C:\USERS\AGATKA\DESKTOP\PHOTO\PP_SRC\OUT\PHOTOPLAYER\DEBUG\PPITEMBUILDER.PDB
C:\Users\Agatka\Desktop\photo\PP_src\PhotoPlayer\win32\..\..\out\PhotoPlayer\Debug\pp_dataparser.exe
