Build started 2013-06-23 13:18:45.
     1>Project "C:\Users\Agatka\Desktop\photo\PP_src\PhotoPlayer\win32\PPMAFGetImage.vcxproj" on node 3 (build target(s)).
     1>InitializeBuildStatus:
         Touching "..\..\obj\PhotoPlayer\Debug\PPGetImage.unsuccessfulbuild".
       ClCompile:
         C:\Program Files\Microsoft Visual Studio 10.0\VC\bin\CL.exe /c /I../../libisomediafile/src /I../../libisomediafile/w32 /I../../jpeglib/include /I../../xercesc/include /I../../xmvisual/src/AddressLib /ZI /nologo /W3 /WX- /Od /Oy- /D WIN32 /D _DEBUG /D _CONSOLE /D _CRT_SECURE_NO_DEPRECATE /D _UNICODE /D UNICODE /Gm /EHsc /RTC1 /MDd /GS /fp:precise /Zc:wchar_t /Zc:forScope /Yc"StdAfx.h" /Fp"..\..\obj\PhotoPlayer\Debug\pp_getimage.pch" /Fo"..\..\obj\PhotoPlayer\Debug\\" /Fd"..\..\obj\PhotoPlayer\Debug\vc100.pdb" /Gd /TP /analyze- /errorReport:prompt ..\src\ImageList.cpp ..\src\JPEGUtil.cpp ..\src\PhotoPlayer.cpp ..\src\PP_getimage.cpp ..\src\PPDOMErrorHandler.cpp
         PPDOMErrorHandler.cpp
         PP_getimage.cpp
         PhotoPlayer.cpp
         JPEGUtil.cpp
         ImageList.cpp
       ManifestResourceCompile:
         C:\Program Files\Microsoft SDKs\Windows\v7.0A\bin\rc.exe /nologo /fo"..\..\obj\PhotoPlayer\Debug\pp_getimage.exe.embed.manifest.res" ..\..\obj\PhotoPlayer\Debug\pp_getimage_manifest.rc 
       Link:
         C:\Program Files\Microsoft Visual Studio 10.0\VC\bin\link.exe /ERRORREPORT:PROMPT /OUT:"..\..\out\PhotoPlayer\Debug\pp_getimage.exe" /INCREMENTAL /NOLOGO /LIBPATH:..\..\lib\Debug /LIBPATH:..\..\xercesc\lib libisomedia.lib ppbim.lib "xerces-c_2.lib" jpeglib.lib xmvisual.lib kernel32.lib user32.lib gdi32.lib winspool.lib comdlg32.lib advapi32.lib shell32.lib ole32.lib oleaut32.lib uuid.lib odbc32.lib odbccp32.lib /MANIFEST /ManifestFile:"..\..\obj\PhotoPlayer\Debug\pp_getimage.exe.intermediate.manifest" /MANIFESTUAC:"level='asInvoker' uiAccess='false'" /DEBUG /PDB:"C:\Users\Agatka\Desktop\photo\PP_src\out\PhotoPlayer\Debug\pp_getimage.pdb" /SUBSYSTEM:CONSOLE /TLBID:1 /DYNAMICBASE /NXCOMPAT /IMPLIB:"..\..\out\PhotoPlayer\Debug\pp_getimage.lib" /MACHINE:X86 ..\..\obj\PhotoPlayer\Debug\pp_getimage.exe.embed.manifest.res
         ..\..\obj\PhotoPlayer\Debug\ImageList.obj
         ..\..\obj\PhotoPlayer\Debug\JPEGUtil.obj
         ..\..\obj\PhotoPlayer\Debug\PhotoPlayer.obj
         ..\..\obj\PhotoPlayer\Debug\PP_getimage.obj
         ..\..\obj\PhotoPlayer\Debug\PPDOMErrorHandler.obj
         C:\Users\Agatka\Desktop\photo\PP_src\lib\Debug\jpeglib.lib
         C:\Users\Agatka\Desktop\photo\PP_src\lib\Debug\ppbim.lib
         C:\Users\Agatka\Desktop\photo\PP_src\lib\Debug\libisomedia.lib
       Manifest:
         C:\Program Files\Microsoft SDKs\Windows\v7.0A\bin\mt.exe /nologo /verbose /out:"..\..\obj\PhotoPlayer\Debug\pp_getimage.exe.embed.manifest" /manifest ..\..\obj\PhotoPlayer\Debug\pp_getimage.exe.intermediate.manifest
         C:\Program Files\Microsoft SDKs\Windows\v7.0A\bin\rc.exe /nologo /fo"..\..\obj\PhotoPlayer\Debug\pp_getimage.exe.embed.manifest.res" ..\..\obj\PhotoPlayer\Debug\pp_getimage_manifest.rc 
       LinkEmbedManifest:
         C:\Program Files\Microsoft Visual Studio 10.0\VC\bin\link.exe /ERRORREPORT:PROMPT /OUT:"..\..\out\PhotoPlayer\Debug\pp_getimage.exe" /INCREMENTAL /NOLOGO /LIBPATH:..\..\lib\Debug /LIBPATH:..\..\xercesc\lib libisomedia.lib ppbim.lib "xerces-c_2.lib" jpeglib.lib xmvisual.lib kernel32.lib user32.lib gdi32.lib winspool.lib comdlg32.lib advapi32.lib shell32.lib ole32.lib oleaut32.lib uuid.lib odbc32.lib odbccp32.lib /MANIFEST /ManifestFile:"..\..\obj\PhotoPlayer\Debug\pp_getimage.exe.intermediate.manifest" /MANIFESTUAC:"level='asInvoker' uiAccess='false'" /DEBUG /PDB:"C:\Users\Agatka\Desktop\photo\PP_src\out\PhotoPlayer\Debug\pp_getimage.pdb" /SUBSYSTEM:CONSOLE /TLBID:1 /DYNAMICBASE /NXCOMPAT /IMPLIB:"..\..\out\PhotoPlayer\Debug\pp_getimage.lib" /MACHINE:X86 ..\..\obj\PhotoPlayer\Debug\pp_getimage.exe.embed.manifest.res
         ..\..\obj\PhotoPlayer\Debug\ImageList.obj
         ..\..\obj\PhotoPlayer\Debug\JPEGUtil.obj
         ..\..\obj\PhotoPlayer\Debug\PhotoPlayer.obj
         ..\..\obj\PhotoPlayer\Debug\PP_getimage.obj
         ..\..\obj\PhotoPlayer\Debug\PPDOMErrorHandler.obj
         C:\Users\Agatka\Desktop\photo\PP_src\lib\Debug\jpeglib.lib
         C:\Users\Agatka\Desktop\photo\PP_src\lib\Debug\ppbim.lib
         C:\Users\Agatka\Desktop\photo\PP_src\lib\Debug\libisomedia.lib
         PPMAFGetImage.vcxproj -> C:\Users\Agatka\Desktop\photo\PP_src\PhotoPlayer\win32\..\..\out\PhotoPlayer\Debug\pp_getimage.exe
       FinalizeBuildStatus:
         Deleting file "..\..\obj\PhotoPlayer\Debug\PPGetImage.unsuccessfulbuild".
         Touching "..\..\obj\PhotoPlayer\Debug\PPGetImage.lastbuildstate".
     1>Done Building Project "C:\Users\Agatka\Desktop\photo\PP_src\PhotoPlayer\win32\PPMAFGetImage.vcxproj" (build target(s)).

Build succeeded.

Time Elapsed 00:00:04.89
