C:\USERS\AGATKA\DESKTOP\PHOTOPLAYER\PP_SRC\LIB\DEBUG\XMVISUAL.LIB
C:\USERS\AGATKA\DESKTOP\PHOTOPLAYER\PP_SRC\OBJ\XMVISUAL\DEBUG\ADDRESS.OBJ
C:\Users\Agatka\Desktop\photoplayer\PP_src\obj\xmvisual\Debug\cl.command.1.tlog
C:\Users\Agatka\Desktop\photoplayer\PP_src\obj\xmvisual\Debug\CL.read.1.tlog
C:\Users\Agatka\Desktop\photoplayer\PP_src\obj\xmvisual\Debug\CL.write.1.tlog
C:\USERS\AGATKA\DESKTOP\PHOTOPLAYER\PP_SRC\OBJ\XMVISUAL\DEBUG\COLORLAYOUTEXTRACTION.OBJ
C:\USERS\AGATKA\DESKTOP\PHOTOPLAYER\PP_SRC\OBJ\XMVISUAL\DEBUG\COLORSPACEEXTRACTION.OBJ
C:\USERS\AGATKA\DESKTOP\PHOTOPLAYER\PP_SRC\OBJ\XMVISUAL\DEBUG\COLORSTRUCTUREEXTRACTION.OBJ
C:\USERS\AGATKA\DESKTOP\PHOTOPLAYER\PP_SRC\OBJ\XMVISUAL\DEBUG\DOMINANTCOLOREXTRACTION.OBJ
C:\USERS\AGATKA\DESKTOP\PHOTOPLAYER\PP_SRC\OBJ\XMVISUAL\DEBUG\EDGEHISTEXTRACTION.OBJ
C:\USERS\AGATKA\DESKTOP\PHOTOPLAYER\PP_SRC\OBJ\XMVISUAL\DEBUG\FIFO.OBJ
C:\USERS\AGATKA\DESKTOP\PHOTOPLAYER\PP_SRC\OBJ\XMVISUAL\DEBUG\HOMO_TEXTURE_EXTRACTOR.OBJ
C:\USERS\AGATKA\DESKTOP\PHOTOPLAYER\PP_SRC\OBJ\XMVISUAL\DEBUG\HOMOTEXTUREEXTRACTION.OBJ
C:\USERS\AGATKA\DESKTOP\PHOTOPLAYER\PP_SRC\OBJ\XMVISUAL\DEBUG\IMAGEIO.OBJ
C:\USERS\AGATKA\DESKTOP\PHOTOPLAYER\PP_SRC\OBJ\XMVISUAL\DEBUG\INTER.OBJ
C:\USERS\AGATKA\DESKTOP\PHOTOPLAYER\PP_SRC\OBJ\XMVISUAL\DEBUG\INTRA.OBJ
C:\Users\Agatka\Desktop\photoplayer\PP_src\obj\xmvisual\Debug\lib.command.1.tlog
C:\Users\Agatka\Desktop\photoplayer\PP_src\obj\xmvisual\Debug\Lib-link.read.1.tlog
C:\Users\Agatka\Desktop\photoplayer\PP_src\obj\xmvisual\Debug\Lib-link.write.1.tlog
C:\USERS\AGATKA\DESKTOP\PHOTOPLAYER\PP_SRC\OBJ\XMVISUAL\DEBUG\LIFO.OBJ
C:\USERS\AGATKA\DESKTOP\PHOTOPLAYER\PP_SRC\OBJ\XMVISUAL\DEBUG\NHOOD.OBJ
C:\USERS\AGATKA\DESKTOP\PHOTOPLAYER\PP_SRC\OBJ\XMVISUAL\DEBUG\SCALABLECOLOREXTRACTION.OBJ
C:\Users\Agatka\Desktop\photoplayer\PP_src\obj\xmvisual\Debug\vc100.idb
C:\USERS\AGATKA\DESKTOP\PHOTOPLAYER\PP_SRC\OBJ\XMVISUAL\DEBUG\VC100.PDB
C:\USERS\AGATKA\DESKTOP\PHOTOPLAYER\PP_SRC\OBJ\XMVISUAL\DEBUG\VOPIO.OBJ
C:\Users\Agatka\Desktop\photoplayer\PP_src\xmvisual\win32\..\..\lib\Debug\xmvisual.lib
