  jutils.c
  jquant2.c
  jquant1.c
  jmemnobs.c
  jmemmgr.c
  jidctred.c
  jidctint.c
  jidctfst.c
  jidctflt.c
  jfdctint.c
  jfdctfst.c
  jfdctflt.c
  jerror.c
  jdtrans.c
  jdsample.c
  jdpostct.c
  jdphuff.c
  jdmerge.c
  jdmaster.c
  jdmarker.c
  Generating Code...
  Compiling...
  jdmainct.c
  jdinput.c
  jdhuff.c
  jddctmgr.c
  jdcolor.c
  jdcoefct.c
  jdatasrc.c
  jdatadst.c
  jdapistd.c
  jdapimin.c
  jctrans.c
  jcsample.c
  jcprepct.c
  jcphuff.c
  jcparam.c
  jcomapi.c
  jcmaster.c
  jcmarker.c
  jcmainct.c
  jcinit.c
  Generating Code...
  Compiling...
  jchuff.c
  jcdctmgr.c
  jccolor.c
  jccoefct.c
  jcapistd.c
  jcapimin.c
  Generating Code...
  jpeglib.vcxproj -> C:\Users\Agatka\Desktop\photoplayer\PP_src\jpeglib\w32\../../lib/Debug\jpeglib.lib
