C:\Users\Agatka\Desktop\photoplayer\PP_src\jpeglib\w32\../../lib/Debug\jpeglib.lib
C:\USERS\AGATKA\DESKTOP\PHOTOPLAYER\PP_SRC\LIB\DEBUG\JPEGLIB.LIB
C:\Users\Agatka\Desktop\photoplayer\PP_src\obj\jpeglib\Debug\cl.command.1.tlog
C:\Users\Agatka\Desktop\photoplayer\PP_src\obj\jpeglib\Debug\CL.read.1.tlog
C:\Users\Agatka\Desktop\photoplayer\PP_src\obj\jpeglib\Debug\CL.write.1.tlog
C:\USERS\AGATKA\DESKTOP\PHOTOPLAYER\PP_SRC\OBJ\JPEGLIB\DEBUG\JCAPIMIN.OBJ
C:\USERS\AGATKA\DESKTOP\PHOTOPLAYER\PP_SRC\OBJ\JPEGLIB\DEBUG\JCAPISTD.OBJ
C:\USERS\AGATKA\DESKTOP\PHOTOPLAYER\PP_SRC\OBJ\JPEGLIB\DEBUG\JCCOEFCT.OBJ
C:\USERS\AGATKA\DESKTOP\PHOTOPLAYER\PP_SRC\OBJ\JPEGLIB\DEBUG\JCCOLOR.OBJ
C:\USERS\AGATKA\DESKTOP\PHOTOPLAYER\PP_SRC\OBJ\JPEGLIB\DEBUG\JCDCTMGR.OBJ
C:\USERS\AGATKA\DESKTOP\PHOTOPLAYER\PP_SRC\OBJ\JPEGLIB\DEBUG\JCHUFF.OBJ
C:\USERS\AGATKA\DESKTOP\PHOTOPLAYER\PP_SRC\OBJ\JPEGLIB\DEBUG\JCINIT.OBJ
C:\USERS\AGATKA\DESKTOP\PHOTOPLAYER\PP_SRC\OBJ\JPEGLIB\DEBUG\JCMAINCT.OBJ
C:\USERS\AGATKA\DESKTOP\PHOTOPLAYER\PP_SRC\OBJ\JPEGLIB\DEBUG\JCMARKER.OBJ
C:\USERS\AGATKA\DESKTOP\PHOTOPLAYER\PP_SRC\OBJ\JPEGLIB\DEBUG\JCMASTER.OBJ
C:\USERS\AGATKA\DESKTOP\PHOTOPLAYER\PP_SRC\OBJ\JPEGLIB\DEBUG\JCOMAPI.OBJ
C:\USERS\AGATKA\DESKTOP\PHOTOPLAYER\PP_SRC\OBJ\JPEGLIB\DEBUG\JCPARAM.OBJ
C:\USERS\AGATKA\DESKTOP\PHOTOPLAYER\PP_SRC\OBJ\JPEGLIB\DEBUG\JCPHUFF.OBJ
C:\USERS\AGATKA\DESKTOP\PHOTOPLAYER\PP_SRC\OBJ\JPEGLIB\DEBUG\JCPREPCT.OBJ
C:\USERS\AGATKA\DESKTOP\PHOTOPLAYER\PP_SRC\OBJ\JPEGLIB\DEBUG\JCSAMPLE.OBJ
C:\USERS\AGATKA\DESKTOP\PHOTOPLAYER\PP_SRC\OBJ\JPEGLIB\DEBUG\JCTRANS.OBJ
C:\USERS\AGATKA\DESKTOP\PHOTOPLAYER\PP_SRC\OBJ\JPEGLIB\DEBUG\JDAPIMIN.OBJ
C:\USERS\AGATKA\DESKTOP\PHOTOPLAYER\PP_SRC\OBJ\JPEGLIB\DEBUG\JDAPISTD.OBJ
C:\USERS\AGATKA\DESKTOP\PHOTOPLAYER\PP_SRC\OBJ\JPEGLIB\DEBUG\JDATADST.OBJ
C:\USERS\AGATKA\DESKTOP\PHOTOPLAYER\PP_SRC\OBJ\JPEGLIB\DEBUG\JDATASRC.OBJ
C:\USERS\AGATKA\DESKTOP\PHOTOPLAYER\PP_SRC\OBJ\JPEGLIB\DEBUG\JDCOEFCT.OBJ
C:\USERS\AGATKA\DESKTOP\PHOTOPLAYER\PP_SRC\OBJ\JPEGLIB\DEBUG\JDCOLOR.OBJ
C:\USERS\AGATKA\DESKTOP\PHOTOPLAYER\PP_SRC\OBJ\JPEGLIB\DEBUG\JDDCTMGR.OBJ
C:\USERS\AGATKA\DESKTOP\PHOTOPLAYER\PP_SRC\OBJ\JPEGLIB\DEBUG\JDHUFF.OBJ
C:\USERS\AGATKA\DESKTOP\PHOTOPLAYER\PP_SRC\OBJ\JPEGLIB\DEBUG\JDINPUT.OBJ
C:\USERS\AGATKA\DESKTOP\PHOTOPLAYER\PP_SRC\OBJ\JPEGLIB\DEBUG\JDMAINCT.OBJ
C:\USERS\AGATKA\DESKTOP\PHOTOPLAYER\PP_SRC\OBJ\JPEGLIB\DEBUG\JDMARKER.OBJ
C:\USERS\AGATKA\DESKTOP\PHOTOPLAYER\PP_SRC\OBJ\JPEGLIB\DEBUG\JDMASTER.OBJ
C:\USERS\AGATKA\DESKTOP\PHOTOPLAYER\PP_SRC\OBJ\JPEGLIB\DEBUG\JDMERGE.OBJ
C:\USERS\AGATKA\DESKTOP\PHOTOPLAYER\PP_SRC\OBJ\JPEGLIB\DEBUG\JDPHUFF.OBJ
C:\USERS\AGATKA\DESKTOP\PHOTOPLAYER\PP_SRC\OBJ\JPEGLIB\DEBUG\JDPOSTCT.OBJ
C:\USERS\AGATKA\DESKTOP\PHOTOPLAYER\PP_SRC\OBJ\JPEGLIB\DEBUG\JDSAMPLE.OBJ
C:\USERS\AGATKA\DESKTOP\PHOTOPLAYER\PP_SRC\OBJ\JPEGLIB\DEBUG\JDTRANS.OBJ
C:\USERS\AGATKA\DESKTOP\PHOTOPLAYER\PP_SRC\OBJ\JPEGLIB\DEBUG\JERROR.OBJ
C:\USERS\AGATKA\DESKTOP\PHOTOPLAYER\PP_SRC\OBJ\JPEGLIB\DEBUG\JFDCTFLT.OBJ
C:\USERS\AGATKA\DESKTOP\PHOTOPLAYER\PP_SRC\OBJ\JPEGLIB\DEBUG\JFDCTFST.OBJ
C:\USERS\AGATKA\DESKTOP\PHOTOPLAYER\PP_SRC\OBJ\JPEGLIB\DEBUG\JFDCTINT.OBJ
C:\USERS\AGATKA\DESKTOP\PHOTOPLAYER\PP_SRC\OBJ\JPEGLIB\DEBUG\JIDCTFLT.OBJ
C:\USERS\AGATKA\DESKTOP\PHOTOPLAYER\PP_SRC\OBJ\JPEGLIB\DEBUG\JIDCTFST.OBJ
C:\USERS\AGATKA\DESKTOP\PHOTOPLAYER\PP_SRC\OBJ\JPEGLIB\DEBUG\JIDCTINT.OBJ
C:\USERS\AGATKA\DESKTOP\PHOTOPLAYER\PP_SRC\OBJ\JPEGLIB\DEBUG\JIDCTRED.OBJ
C:\USERS\AGATKA\DESKTOP\PHOTOPLAYER\PP_SRC\OBJ\JPEGLIB\DEBUG\JMEMMGR.OBJ
C:\USERS\AGATKA\DESKTOP\PHOTOPLAYER\PP_SRC\OBJ\JPEGLIB\DEBUG\JMEMNOBS.OBJ
C:\USERS\AGATKA\DESKTOP\PHOTOPLAYER\PP_SRC\OBJ\JPEGLIB\DEBUG\JQUANT1.OBJ
C:\USERS\AGATKA\DESKTOP\PHOTOPLAYER\PP_SRC\OBJ\JPEGLIB\DEBUG\JQUANT2.OBJ
C:\USERS\AGATKA\DESKTOP\PHOTOPLAYER\PP_SRC\OBJ\JPEGLIB\DEBUG\JUTILS.OBJ
C:\Users\Agatka\Desktop\photoplayer\PP_src\obj\jpeglib\Debug\lib.command.1.tlog
C:\Users\Agatka\Desktop\photoplayer\PP_src\obj\jpeglib\Debug\Lib-link.read.1.tlog
C:\Users\Agatka\Desktop\photoplayer\PP_src\obj\jpeglib\Debug\Lib-link.write.1.tlog
C:\Users\Agatka\Desktop\photoplayer\PP_src\obj\jpeglib\Debug\vc100.idb
C:\USERS\AGATKA\DESKTOP\PHOTOPLAYER\PP_SRC\OBJ\JPEGLIB\DEBUG\VC100.PDB
