C:\USERS\AGATKA\DESKTOP\PHOTOPLAYER\PP_SRC\LIB\DEBUG\PPBIM.LIB
C:\USERS\AGATKA\DESKTOP\PHOTOPLAYER\PP_SRC\OBJ\PPBIM\DEBUG\AFFILIATION_ANONYMOUSTYPE.OBJ
C:\USERS\AGATKA\DESKTOP\PHOTOPLAYER\PP_SRC\OBJ\PPBIM\DEBUG\AGENTTYPE.OBJ
C:\USERS\AGATKA\DESKTOP\PHOTOPLAYER\PP_SRC\OBJ\PPBIM\DEBUG\BASE64BINARY.OBJ
C:\USERS\AGATKA\DESKTOP\PHOTOPLAYER\PP_SRC\OBJ\PPBIM\DEBUG\BIMXMLUTIL.OBJ
C:\USERS\AGATKA\DESKTOP\PHOTOPLAYER\PP_SRC\OBJ\PPBIM\DEBUG\BITSTREAMREADER.OBJ
C:\USERS\AGATKA\DESKTOP\PHOTOPLAYER\PP_SRC\OBJ\PPBIM\DEBUG\BITSTREAMWRITER.OBJ
C:\Users\Agatka\Desktop\photoplayer\PP_src\obj\ppbim\Debug\cl.command.1.tlog
C:\Users\Agatka\Desktop\photoplayer\PP_src\obj\ppbim\Debug\CL.read.1.tlog
C:\Users\Agatka\Desktop\photoplayer\PP_src\obj\ppbim\Debug\CL.write.1.tlog
C:\USERS\AGATKA\DESKTOP\PHOTOPLAYER\PP_SRC\OBJ\PPBIM\DEBUG\COLCREATIONINFORMATIONTYPE.OBJ
C:\USERS\AGATKA\DESKTOP\PHOTOPLAYER\PP_SRC\OBJ\PPBIM\DEBUG\COLCREATIONTYPE.OBJ
C:\USERS\AGATKA\DESKTOP\PHOTOPLAYER\PP_SRC\OBJ\PPBIM\DEBUG\COLKEYWORD_ANONYMOUSTYPE.OBJ
C:\USERS\AGATKA\DESKTOP\PHOTOPLAYER\PP_SRC\OBJ\PPBIM\DEBUG\COLKEYWORDANNOTATIONTYPE.OBJ
C:\USERS\AGATKA\DESKTOP\PHOTOPLAYER\PP_SRC\OBJ\PPBIM\DEBUG\COLLECTIONTYPE_ATTRIBUTES.OBJ
C:\USERS\AGATKA\DESKTOP\PHOTOPLAYER\PP_SRC\OBJ\PPBIM\DEBUG\COLLECTIONTYPE_CONTENT.OBJ
C:\USERS\AGATKA\DESKTOP\PHOTOPLAYER\PP_SRC\OBJ\PPBIM\DEBUG\COLMPEG7.OBJ
C:\USERS\AGATKA\DESKTOP\PHOTOPLAYER\PP_SRC\OBJ\PPBIM\DEBUG\COLORLAYOUTTYPE.OBJ
C:\USERS\AGATKA\DESKTOP\PHOTOPLAYER\PP_SRC\OBJ\PPBIM\DEBUG\COLORSTRUCTURETYPE.OBJ
C:\USERS\AGATKA\DESKTOP\PHOTOPLAYER\PP_SRC\OBJ\PPBIM\DEBUG\COLTEXTANNOTATIONTYPE.OBJ
C:\USERS\AGATKA\DESKTOP\PHOTOPLAYER\PP_SRC\OBJ\PPBIM\DEBUG\CONTENTCOLLECTIONTYPE.OBJ
C:\USERS\AGATKA\DESKTOP\PHOTOPLAYER\PP_SRC\OBJ\PPBIM\DEBUG\CONTROLLEDTERMUSETYPE.OBJ
C:\USERS\AGATKA\DESKTOP\PHOTOPLAYER\PP_SRC\OBJ\PPBIM\DEBUG\CREATIONCOORD_ANONYMUSTYPE.OBJ
C:\USERS\AGATKA\DESKTOP\PHOTOPLAYER\PP_SRC\OBJ\PPBIM\DEBUG\CREATORTYPE.OBJ
C:\USERS\AGATKA\DESKTOP\PHOTOPLAYER\PP_SRC\OBJ\PPBIM\DEBUG\CSVALUES_ANONYMOUSTYPE.OBJ
C:\USERS\AGATKA\DESKTOP\PHOTOPLAYER\PP_SRC\OBJ\PPBIM\DEBUG\DESCANYURI.OBJ
C:\USERS\AGATKA\DESKTOP\PHOTOPLAYER\PP_SRC\OBJ\PPBIM\DEBUG\DESCANYURI_TYPECAST.OBJ
C:\USERS\AGATKA\DESKTOP\PHOTOPLAYER\PP_SRC\OBJ\PPBIM\DEBUG\DESCRIPTIONMETADATATYPE.OBJ
C:\USERS\AGATKA\DESKTOP\PHOTOPLAYER\PP_SRC\OBJ\PPBIM\DEBUG\DESCRIPTIONPROFILETYPE.OBJ
C:\USERS\AGATKA\DESKTOP\PHOTOPLAYER\PP_SRC\OBJ\PPBIM\DEBUG\DESCSTRING.OBJ
C:\USERS\AGATKA\DESKTOP\PHOTOPLAYER\PP_SRC\OBJ\PPBIM\DEBUG\DESCSTRING_TYPECAST.OBJ
C:\USERS\AGATKA\DESKTOP\PHOTOPLAYER\PP_SRC\OBJ\PPBIM\DEBUG\DOMINANTCOLORTYPE.OBJ
C:\USERS\AGATKA\DESKTOP\PHOTOPLAYER\PP_SRC\OBJ\PPBIM\DEBUG\DOMINANTCOLORVALUETYPE.OBJ
C:\USERS\AGATKA\DESKTOP\PHOTOPLAYER\PP_SRC\OBJ\PPBIM\DEBUG\EDGEHISTOGRAMTYPE.OBJ
C:\USERS\AGATKA\DESKTOP\PHOTOPLAYER\PP_SRC\OBJ\PPBIM\DEBUG\ELECTRONICADDRESSTYPE.OBJ
C:\USERS\AGATKA\DESKTOP\PHOTOPLAYER\PP_SRC\OBJ\PPBIM\DEBUG\FRAME_ANONYMOUSTYPE.OBJ
C:\USERS\AGATKA\DESKTOP\PHOTOPLAYER\PP_SRC\OBJ\PPBIM\DEBUG\GEOGRAPHICPOINTTYPE.OBJ
C:\USERS\AGATKA\DESKTOP\PHOTOPLAYER\PP_SRC\OBJ\PPBIM\DEBUG\GEOGRAPHICPOSITION_ANONYMUSTYPE.OBJ
C:\USERS\AGATKA\DESKTOP\PHOTOPLAYER\PP_SRC\OBJ\PPBIM\DEBUG\HEXBINARY.OBJ
C:\USERS\AGATKA\DESKTOP\PHOTOPLAYER\PP_SRC\OBJ\PPBIM\DEBUG\HOMOGENEOUSTEXTURETYPE.OBJ
C:\USERS\AGATKA\DESKTOP\PHOTOPLAYER\PP_SRC\OBJ\PPBIM\DEBUG\IMAGELOCATORTYPE.OBJ
C:\USERS\AGATKA\DESKTOP\PHOTOPLAYER\PP_SRC\OBJ\PPBIM\DEBUG\IMAGETYPE.OBJ
C:\USERS\AGATKA\DESKTOP\PHOTOPLAYER\PP_SRC\OBJ\PPBIM\DEBUG\INLINEMEDIATYPE.OBJ
C:\USERS\AGATKA\DESKTOP\PHOTOPLAYER\PP_SRC\OBJ\PPBIM\DEBUG\INLINETERMDEFINITIONTYPE.OBJ
C:\USERS\AGATKA\DESKTOP\PHOTOPLAYER\PP_SRC\OBJ\PPBIM\DEBUG\ITEMCREATIONCOORD_ANONYMUSTYPE.OBJ
C:\USERS\AGATKA\DESKTOP\PHOTOPLAYER\PP_SRC\OBJ\PPBIM\DEBUG\ITEMCREATIONINFORMATIONTYPE.OBJ
C:\USERS\AGATKA\DESKTOP\PHOTOPLAYER\PP_SRC\OBJ\PPBIM\DEBUG\ITEMCREATIONTYPE.OBJ
C:\USERS\AGATKA\DESKTOP\PHOTOPLAYER\PP_SRC\OBJ\PPBIM\DEBUG\ITEMMPEG7.OBJ
C:\USERS\AGATKA\DESKTOP\PHOTOPLAYER\PP_SRC\OBJ\PPBIM\DEBUG\ITEMTIMETYPE.OBJ
C:\Users\Agatka\Desktop\photoplayer\PP_src\obj\ppbim\Debug\lib.command.1.tlog
C:\Users\Agatka\Desktop\photoplayer\PP_src\obj\ppbim\Debug\Lib-link.read.1.tlog
C:\Users\Agatka\Desktop\photoplayer\PP_src\obj\ppbim\Debug\Lib-link.write.1.tlog
C:\USERS\AGATKA\DESKTOP\PHOTOPLAYER\PP_SRC\OBJ\PPBIM\DEBUG\MEDIAAGENTTYPE_CONTENT.OBJ
C:\USERS\AGATKA\DESKTOP\PHOTOPLAYER\PP_SRC\OBJ\PPBIM\DEBUG\MEDIAFORMATTYPE.OBJ
C:\USERS\AGATKA\DESKTOP\PHOTOPLAYER\PP_SRC\OBJ\PPBIM\DEBUG\MEDIAINFORMATIONTYPE.OBJ
C:\USERS\AGATKA\DESKTOP\PHOTOPLAYER\PP_SRC\OBJ\PPBIM\DEBUG\MEDIAINSTANCETYPE.OBJ
C:\USERS\AGATKA\DESKTOP\PHOTOPLAYER\PP_SRC\OBJ\PPBIM\DEBUG\MEDIALOCATORTYPE.OBJ
C:\USERS\AGATKA\DESKTOP\PHOTOPLAYER\PP_SRC\OBJ\PPBIM\DEBUG\MEDIAPROFILETYPE.OBJ
C:\USERS\AGATKA\DESKTOP\PHOTOPLAYER\PP_SRC\OBJ\PPBIM\DEBUG\MPEG7INTEGERVECTOR.OBJ
C:\USERS\AGATKA\DESKTOP\PHOTOPLAYER\PP_SRC\OBJ\PPBIM\DEBUG\MPEG7TYPE_CONTENT.OBJ
C:\USERS\AGATKA\DESKTOP\PHOTOPLAYER\PP_SRC\OBJ\PPBIM\DEBUG\NONNEGATIVEINTEGER.OBJ
C:\USERS\AGATKA\DESKTOP\PHOTOPLAYER\PP_SRC\OBJ\PPBIM\DEBUG\NONNEGATIVEINTEGER_TYPECAST.OBJ
C:\USERS\AGATKA\DESKTOP\PHOTOPLAYER\PP_SRC\OBJ\PPBIM\DEBUG\ORGANIZATIONTYPE.OBJ
C:\USERS\AGATKA\DESKTOP\PHOTOPLAYER\PP_SRC\OBJ\PPBIM\DEBUG\PERSONNAMETYPE.OBJ
C:\USERS\AGATKA\DESKTOP\PHOTOPLAYER\PP_SRC\OBJ\PPBIM\DEBUG\PERSONTYPE.OBJ
C:\USERS\AGATKA\DESKTOP\PHOTOPLAYER\PP_SRC\OBJ\PPBIM\DEBUG\PLACETYPE.OBJ
C:\USERS\AGATKA\DESKTOP\PHOTOPLAYER\PP_SRC\OBJ\PPBIM\DEBUG\POSTALADDRESS_ANONYMOUSTYPE.OBJ
C:\USERS\AGATKA\DESKTOP\PHOTOPLAYER\PP_SRC\OBJ\PPBIM\DEBUG\PROFILEANDLEVELINDICATION.OBJ
C:\USERS\AGATKA\DESKTOP\PHOTOPLAYER\PP_SRC\OBJ\PPBIM\DEBUG\REFERENCETYPE.OBJ
C:\USERS\AGATKA\DESKTOP\PHOTOPLAYER\PP_SRC\OBJ\PPBIM\DEBUG\SCALABLECOLORTYPE.OBJ
C:\USERS\AGATKA\DESKTOP\PHOTOPLAYER\PP_SRC\OBJ\PPBIM\DEBUG\SEGMENTTYPE_CONTENT.OBJ
C:\USERS\AGATKA\DESKTOP\PHOTOPLAYER\PP_SRC\OBJ\PPBIM\DEBUG\STILLREGIONFEATURETYPE.OBJ
C:\USERS\AGATKA\DESKTOP\PHOTOPLAYER\PP_SRC\OBJ\PPBIM\DEBUG\STILLREGIONTYPE.OBJ
C:\USERS\AGATKA\DESKTOP\PHOTOPLAYER\PP_SRC\OBJ\PPBIM\DEBUG\TERMREFERENCETYPE.OBJ
C:\USERS\AGATKA\DESKTOP\PHOTOPLAYER\PP_SRC\OBJ\PPBIM\DEBUG\TEXTUALTYPE.OBJ
C:\USERS\AGATKA\DESKTOP\PHOTOPLAYER\PP_SRC\OBJ\PPBIM\DEBUG\TIMEPOINTTYPE.OBJ
C:\USERS\AGATKA\DESKTOP\PHOTOPLAYER\PP_SRC\OBJ\PPBIM\DEBUG\TIMETYPE.OBJ
C:\USERS\AGATKA\DESKTOP\PHOTOPLAYER\PP_SRC\OBJ\PPBIM\DEBUG\TITLEMEDIATYPE.OBJ
C:\USERS\AGATKA\DESKTOP\PHOTOPLAYER\PP_SRC\OBJ\PPBIM\DEBUG\UNIQUEIDTYPE.OBJ
C:\USERS\AGATKA\DESKTOP\PHOTOPLAYER\PP_SRC\OBJ\PPBIM\DEBUG\UTFUTIL.OBJ
C:\USERS\AGATKA\DESKTOP\PHOTOPLAYER\PP_SRC\OBJ\PPBIM\DEBUG\VALUELISTTYPE.OBJ
C:\Users\Agatka\Desktop\photoplayer\PP_src\obj\ppbim\Debug\vc100.idb
C:\USERS\AGATKA\DESKTOP\PHOTOPLAYER\PP_SRC\OBJ\PPBIM\DEBUG\VC100.PDB
C:\USERS\AGATKA\DESKTOP\PHOTOPLAYER\PP_SRC\OBJ\PPBIM\DEBUG\VISUALCODING_ANONYMOUSTYPE.OBJ
C:\Users\Agatka\Desktop\photoplayer\PP_src\ppbim\win32\..\..\lib\Debug\ppbim.lib
