Build started 2013-07-13 20:40:21.
     1>Project "C:\Users\Agatka\Desktop\photoplayer\PP_src\ppbim\win32\ppbim.vcxproj" on node 2 (rebuild target(s)).
     1>_PrepareForClean:
         Deleting file "..\..\obj\ppbim\Debug\ppbim.lastbuildstate".
       InitializeBuildStatus:
         Creating "..\..\obj\ppbim\Debug\ppbim.unsuccessfulbuild" because "AlwaysCreate" was specified.
       ClCompile:
         C:\Program Files\Microsoft Visual Studio 10.0\VC\bin\CL.exe /c /I../../xercesc/include /ZI /nologo /W3 /WX- /Od /Oy- /D WIN32 /D _DEBUG /D _LIB /D _CRT_SECURE_NO_DEPRECATE /D _UNICODE /D UNICODE /Gm /EHsc /RTC1 /MDd /GS /fp:precise /Zc:wchar_t /Zc:forScope /Fo"..\..\obj\ppbim\Debug\\" /Fd"..\..\obj\ppbim\Debug\vc100.pdb" /Gd /TP /analyze- /errorReport:prompt ..\src\ColCreationInformationType.cpp ..\src\ColCreationType.cpp ..\src\ColKeyword_anonymousType.cpp ..\src\ColKeywordAnnotationType.cpp ..\src\CollectionType_attributes.cpp ..\src\CollectionType_content.cpp ..\src\ColMpeg7.cpp ..\src\ColTextAnnotationType.cpp ..\src\ContentCollectionType.cpp ..\src\ImageLocatorType.cpp ..\src\InlineMediaType.cpp ..\src\ReferenceType.cpp ..\src\TitleMediaType.cpp ..\src\Affiliation_anonymousType.cpp ..\src\AgentType.cpp ..\src\Base64Binary.cpp ..\src\BimXMLUtil.cpp ..\src\BitstreamReader.cpp ..\src\BitstreamWriter.cpp ..\src\ControlledTermUseType.cpp ..\src\CreationCoord_anonymusType.cpp ..\src\CreatorType.cpp ..\src\DescAnyUri.cpp ..\src\DescAnyUri_typecast.cpp ..\src\DescriptionMetadataType.cpp ..\src\DescriptionProfileType.cpp ..\src\DescString.cpp ..\src\DescString_typecast.cpp ..\src\ElectronicAddressType.cpp ..\src\GeographicPointType.cpp ..\src\GeographicPosition_anonymusType.cpp ..\src\HexBinary.cpp ..\src\InlineTermDefinitionType.cpp ..\src\MediaAgentType_content.cpp ..\src\MPEG7IntegerVector.cpp ..\src\Mpeg7Type_content.cpp ..\src\OrganizationType.cpp ..\src\PersonNameType.cpp ..\src\PersonType.cpp ..\src\PlaceType.cpp ..\src\PostalAddress_anonymousType.cpp ..\src\ProfileAndLevelIndication.cpp ..\src\TermReferenceType.cpp ..\src\TextualType.cpp ..\src\TimePointType.cpp ..\src\TimeType.cpp ..\src\UTFUtil.cpp ..\src\Frame_anonymousType.cpp ..\src\ImageType.cpp ..\src\ItemCreationCoord_anonymusType.cpp ..\src\ItemCreationInformationType.cpp ..\src\ItemCreationType.cpp ..\src\ItemMpeg7.cpp ..\src\ItemTimeType.cpp ..\src\MediaFormatType.cpp ..\src\MediaInformationType.cpp ..\src\MediaInstanceType.cpp ..\src\MediaLocatorType.cpp ..\src\MediaProfileType.cpp ..\src\NonNegativeInteger.cpp ..\src\NonNegativeInteger_typecast.cpp ..\src\SegmentType_content.cpp ..\src\StillRegionFeatureType.cpp ..\src\StillRegionType.cpp ..\src\UniqueIDType.cpp ..\src\VisualCoding_anonymousType.cpp ..\src\ColorLayoutType.cpp ..\src\ColorStructureType.cpp ..\src\CSValues_anonymousType.cpp ..\src\DominantColorType.cpp ..\src\DominantColorValueType.cpp ..\src\EdgeHistogramType.cpp ..\src\HomogeneousTextureType.cpp ..\src\ScalableColorType.cpp ..\src\ValueListType.cpp
         ValueListType.cpp
         ScalableColorType.cpp
         HomogeneousTextureType.cpp
         EdgeHistogramType.cpp
         DominantColorValueType.cpp
         DominantColorType.cpp
         CSValues_anonymousType.cpp
         ColorStructureType.cpp
         ColorLayoutType.cpp
         VisualCoding_anonymousType.cpp
         UniqueIDType.cpp
         StillRegionType.cpp
         StillRegionFeatureType.cpp
         SegmentType_content.cpp
         NonNegativeInteger_typecast.cpp
         NonNegativeInteger.cpp
         MediaProfileType.cpp
         MediaLocatorType.cpp
         MediaInstanceType.cpp
         MediaInformationType.cpp
         Generating Code...
         Compiling...
         MediaFormatType.cpp
         ItemTimeType.cpp
         ItemMpeg7.cpp
         ItemCreationType.cpp
         ItemCreationInformationType.cpp
         ItemCreationCoord_anonymusType.cpp
         ImageType.cpp
         Frame_anonymousType.cpp
         UTFUtil.cpp
         TimeType.cpp
         TimePointType.cpp
         TextualType.cpp
         TermReferenceType.cpp
         ProfileAndLevelIndication.cpp
         PostalAddress_anonymousType.cpp
         PlaceType.cpp
         PersonType.cpp
         PersonNameType.cpp
         OrganizationType.cpp
         Mpeg7Type_content.cpp
         Generating Code...
         Compiling...
         MPEG7IntegerVector.cpp
         MediaAgentType_content.cpp
         InlineTermDefinitionType.cpp
         HexBinary.cpp
         GeographicPosition_anonymusType.cpp
         GeographicPointType.cpp
         ElectronicAddressType.cpp
         DescString_typecast.cpp
         DescString.cpp
         DescriptionProfileType.cpp
         DescriptionMetadataType.cpp
         DescAnyUri_typecast.cpp
         DescAnyUri.cpp
         CreatorType.cpp
         CreationCoord_anonymusType.cpp
         ControlledTermUseType.cpp
         BitstreamWriter.cpp
         BitstreamReader.cpp
         BimXMLUtil.cpp
         Base64Binary.cpp
         Generating Code...
         Compiling...
         AgentType.cpp
         Affiliation_anonymousType.cpp
         TitleMediaType.cpp
         ReferenceType.cpp
         InlineMediaType.cpp
         ImageLocatorType.cpp
         ContentCollectionType.cpp
         ColTextAnnotationType.cpp
         ColMpeg7.cpp
         CollectionType_content.cpp
         CollectionType_attributes.cpp
         ColKeywordAnnotationType.cpp
         ColKeyword_anonymousType.cpp
         ColCreationType.cpp
         ColCreationInformationType.cpp
         Generating Code...
       Lib:
         C:\Program Files\Microsoft Visual Studio 10.0\VC\bin\Lib.exe /OUT:"..\..\lib\Debug\ppbim.lib" "xerces-c_2D.lib" /LIBPATH:../../xercesc/lib /NOLOGO ..\..\obj\ppbim\Debug\ColCreationInformationType.obj
         ..\..\obj\ppbim\Debug\ColCreationType.obj
         ..\..\obj\ppbim\Debug\ColKeyword_anonymousType.obj
         ..\..\obj\ppbim\Debug\ColKeywordAnnotationType.obj
         ..\..\obj\ppbim\Debug\CollectionType_attributes.obj
         ..\..\obj\ppbim\Debug\CollectionType_content.obj
         ..\..\obj\ppbim\Debug\ColMpeg7.obj
         ..\..\obj\ppbim\Debug\ColTextAnnotationType.obj
         ..\..\obj\ppbim\Debug\ContentCollectionType.obj
         ..\..\obj\ppbim\Debug\ImageLocatorType.obj
         ..\..\obj\ppbim\Debug\InlineMediaType.obj
         ..\..\obj\ppbim\Debug\ReferenceType.obj
         ..\..\obj\ppbim\Debug\TitleMediaType.obj
         ..\..\obj\ppbim\Debug\Affiliation_anonymousType.obj
         ..\..\obj\ppbim\Debug\AgentType.obj
         ..\..\obj\ppbim\Debug\Base64Binary.obj
         ..\..\obj\ppbim\Debug\BimXMLUtil.obj
         ..\..\obj\ppbim\Debug\BitstreamReader.obj
         ..\..\obj\ppbim\Debug\BitstreamWriter.obj
         ..\..\obj\ppbim\Debug\ControlledTermUseType.obj
         ..\..\obj\ppbim\Debug\CreationCoord_anonymusType.obj
         ..\..\obj\ppbim\Debug\CreatorType.obj
         ..\..\obj\ppbim\Debug\DescAnyUri.obj
         ..\..\obj\ppbim\Debug\DescAnyUri_typecast.obj
         ..\..\obj\ppbim\Debug\DescriptionMetadataType.obj
         ..\..\obj\ppbim\Debug\DescriptionProfileType.obj
         ..\..\obj\ppbim\Debug\DescString.obj
         ..\..\obj\ppbim\Debug\DescString_typecast.obj
         ..\..\obj\ppbim\Debug\ElectronicAddressType.obj
         ..\..\obj\ppbim\Debug\GeographicPointType.obj
         ..\..\obj\ppbim\Debug\GeographicPosition_anonymusType.obj
         ..\..\obj\ppbim\Debug\HexBinary.obj
         ..\..\obj\ppbim\Debug\InlineTermDefinitionType.obj
         ..\..\obj\ppbim\Debug\MediaAgentType_content.obj
         ..\..\obj\ppbim\Debug\MPEG7IntegerVector.obj
         ..\..\obj\ppbim\Debug\Mpeg7Type_content.obj
         ..\..\obj\ppbim\Debug\OrganizationType.obj
         ..\..\obj\ppbim\Debug\PersonNameType.obj
         ..\..\obj\ppbim\Debug\PersonType.obj
         ..\..\obj\ppbim\Debug\PlaceType.obj
         ..\..\obj\ppbim\Debug\PostalAddress_anonymousType.obj
         ..\..\obj\ppbim\Debug\ProfileAndLevelIndication.obj
         ..\..\obj\ppbim\Debug\TermReferenceType.obj
         ..\..\obj\ppbim\Debug\TextualType.obj
         ..\..\obj\ppbim\Debug\TimePointType.obj
         ..\..\obj\ppbim\Debug\TimeType.obj
         ..\..\obj\ppbim\Debug\UTFUtil.obj
         ..\..\obj\ppbim\Debug\Frame_anonymousType.obj
         ..\..\obj\ppbim\Debug\ImageType.obj
         ..\..\obj\ppbim\Debug\ItemCreationCoord_anonymusType.obj
         ..\..\obj\ppbim\Debug\ItemCreationInformationType.obj
         ..\..\obj\ppbim\Debug\ItemCreationType.obj
         ..\..\obj\ppbim\Debug\ItemMpeg7.obj
         ..\..\obj\ppbim\Debug\ItemTimeType.obj
         ..\..\obj\ppbim\Debug\MediaFormatType.obj
         ..\..\obj\ppbim\Debug\MediaInformationType.obj
         ..\..\obj\ppbim\Debug\MediaInstanceType.obj
         ..\..\obj\ppbim\Debug\MediaLocatorType.obj
         ..\..\obj\ppbim\Debug\MediaProfileType.obj
         ..\..\obj\ppbim\Debug\NonNegativeInteger.obj
         ..\..\obj\ppbim\Debug\NonNegativeInteger_typecast.obj
         ..\..\obj\ppbim\Debug\SegmentType_content.obj
         ..\..\obj\ppbim\Debug\StillRegionFeatureType.obj
         ..\..\obj\ppbim\Debug\StillRegionType.obj
         ..\..\obj\ppbim\Debug\UniqueIDType.obj
         ..\..\obj\ppbim\Debug\VisualCoding_anonymousType.obj
         ..\..\obj\ppbim\Debug\ColorLayoutType.obj
         ..\..\obj\ppbim\Debug\ColorStructureType.obj
         ..\..\obj\ppbim\Debug\CSValues_anonymousType.obj
         ..\..\obj\ppbim\Debug\DominantColorType.obj
         ..\..\obj\ppbim\Debug\DominantColorValueType.obj
         ..\..\obj\ppbim\Debug\EdgeHistogramType.obj
         ..\..\obj\ppbim\Debug\HomogeneousTextureType.obj
         ..\..\obj\ppbim\Debug\ScalableColorType.obj
         ..\..\obj\ppbim\Debug\ValueListType.obj
         ppbim.vcxproj -> C:\Users\Agatka\Desktop\photoplayer\PP_src\ppbim\win32\..\..\lib\Debug\ppbim.lib
       FinalizeBuildStatus:
         Deleting file "..\..\obj\ppbim\Debug\ppbim.unsuccessfulbuild".
         Touching "..\..\obj\ppbim\Debug\ppbim.lastbuildstate".
     1>Done Building Project "C:\Users\Agatka\Desktop\photoplayer\PP_src\ppbim\win32\ppbim.vcxproj" (rebuild target(s)).

Build succeeded.

Time Elapsed 00:01:10.61
